
*** Running vivado
    with args -log schematicFile.vds -m64 -product Vivado -mode batch -messageDb vivado.pb -notrace -source schematicFile.tcl


****** Vivado v2016.3 (64-bit)
  **** SW Build 1682563 on Mon Oct 10 19:07:27 MDT 2016
  **** IP Build 1681267 on Mon Oct 10 21:28:31 MDT 2016
    ** Copyright 1986-2016 Xilinx, Inc. All Rights Reserved.

source schematicFile.tcl -notrace
Command: synth_design -top schematicFile -part xc7a35tcpg236-1
Starting synth_design
Attempting to get a license for feature 'Synthesis' and/or device 'xc7a35t'
INFO: [Common 17-349] Got license for feature 'Synthesis' and/or device 'xc7a35t'
INFO: Launching helper process for spawning children vivado processes
INFO: Helper process launched with PID 16104 
---------------------------------------------------------------------------------
Starting RTL Elaboration : Time (s): cpu = 00:00:06 ; elapsed = 00:00:12 . Memory (MB): peak = 321.250 ; gain = 111.180
---------------------------------------------------------------------------------
INFO: [Synth 8-638] synthesizing module 'schematicFile' [C:/Users/94776/assignment_1/assignment_1.srcs/sources_1/new/schematicFile.vhd:12]
INFO: [Synth 8-3491] module 'nand_gate' declared at 'C:/Users/94776/assignment_1/assignment_1.srcs/sources_1/new/and.vhd:13' bound to instance 'nand_gate_ins' of component 'nand_gate' [C:/Users/94776/assignment_1/assignment_1.srcs/sources_1/new/schematicFile.vhd:38]
INFO: [Synth 8-638] synthesizing module 'nand_gate' [C:/Users/94776/assignment_1/assignment_1.srcs/sources_1/new/and.vhd:19]
INFO: [Synth 8-256] done synthesizing module 'nand_gate' (1#1) [C:/Users/94776/assignment_1/assignment_1.srcs/sources_1/new/and.vhd:19]
INFO: [Synth 8-3491] module 'nor_gate' declared at 'C:/Users/94776/assignment_1/assignment_1.srcs/sources_1/new/or_gate.vhd:13' bound to instance 'nor_gate_ins' of component 'nor_gate' [C:/Users/94776/assignment_1/assignment_1.srcs/sources_1/new/schematicFile.vhd:44]
INFO: [Synth 8-638] synthesizing module 'nor_gate' [C:/Users/94776/assignment_1/assignment_1.srcs/sources_1/new/or_gate.vhd:19]
INFO: [Synth 8-256] done synthesizing module 'nor_gate' (2#1) [C:/Users/94776/assignment_1/assignment_1.srcs/sources_1/new/or_gate.vhd:19]
INFO: [Synth 8-3491] module 'and_gate_3' declared at 'C:/Users/94776/assignment_1/assignment_1.srcs/sources_1/new/and3.vhd:13' bound to instance 'and_gate_3_ins' of component 'and_gate_3' [C:/Users/94776/assignment_1/assignment_1.srcs/sources_1/new/schematicFile.vhd:50]
INFO: [Synth 8-638] synthesizing module 'and_gate_3' [C:/Users/94776/assignment_1/assignment_1.srcs/sources_1/new/and3.vhd:20]
INFO: [Synth 8-256] done synthesizing module 'and_gate_3' (3#1) [C:/Users/94776/assignment_1/assignment_1.srcs/sources_1/new/and3.vhd:20]
INFO: [Synth 8-256] done synthesizing module 'schematicFile' (4#1) [C:/Users/94776/assignment_1/assignment_1.srcs/sources_1/new/schematicFile.vhd:12]
---------------------------------------------------------------------------------
Finished RTL Elaboration : Time (s): cpu = 00:00:06 ; elapsed = 00:00:13 . Memory (MB): peak = 358.516 ; gain = 148.445
---------------------------------------------------------------------------------

Report Check Netlist: 
+------+------------------+-------+---------+-------+------------------+
|      |Item              |Errors |Warnings |Status |Description       |
+------+------------------+-------+---------+-------+------------------+
|1     |multi_driven_nets |      0|        0|Passed |Multi driven nets |
+------+------------------+-------+---------+-------+------------------+
---------------------------------------------------------------------------------
Finished RTL Optimization Phase 1 : Time (s): cpu = 00:00:06 ; elapsed = 00:00:13 . Memory (MB): peak = 358.516 ; gain = 148.445
---------------------------------------------------------------------------------
INFO: [Device 21-403] Loading part xc7a35tcpg236-1
INFO: [Project 1-570] Preparing netlist for logic optimization

Processing XDC Constraints
Initializing timing engine
Parsing XDC File [C:/Users/94776/assignment_1/assignment_1.srcs/constrs_1/new/basys3_xdc.xdc]
WARNING: [Vivado 12-584] No ports matched 'CLK100MHZ'. [C:/Users/94776/assignment_1/assignment_1.srcs/constrs_1/new/basys3_xdc.xdc:7]
CRITICAL WARNING: [Common 17-55] 'set_property' expects at least one object. [C:/Users/94776/assignment_1/assignment_1.srcs/constrs_1/new/basys3_xdc.xdc:7]
Resolution: If [get_<value>] was used to populate the object, check to make sure this command returns at least one valid object.
WARNING: [Vivado 12-584] No ports matched 'CLK100MHZ'. [C:/Users/94776/assignment_1/assignment_1.srcs/constrs_1/new/basys3_xdc.xdc:8]
CRITICAL WARNING: [Common 17-55] 'set_property' expects at least one object. [C:/Users/94776/assignment_1/assignment_1.srcs/constrs_1/new/basys3_xdc.xdc:8]
Resolution: If [get_<value>] was used to populate the object, check to make sure this command returns at least one valid object.
WARNING: [Vivado 12-584] No ports matched 'CLK100MHZ'. [C:/Users/94776/assignment_1/assignment_1.srcs/constrs_1/new/basys3_xdc.xdc:9]
CRITICAL WARNING: [Vivado 12-4739] create_clock:No valid object(s) found for '-objects [get_ports CLK100MHZ]'. [C:/Users/94776/assignment_1/assignment_1.srcs/constrs_1/new/basys3_xdc.xdc:9]
Resolution: Check if the specified object(s) exists in the current design. If it does, ensure that the correct design hierarchy was specified for the object. If you are working with clocks, make sure create_clock was used to create the clock object before it is referenced.
WARNING: [Vivado 12-584] No ports matched 'sw[0]'. [C:/Users/94776/assignment_1/assignment_1.srcs/constrs_1/new/basys3_xdc.xdc:12]
CRITICAL WARNING: [Common 17-55] 'set_property' expects at least one object. [C:/Users/94776/assignment_1/assignment_1.srcs/constrs_1/new/basys3_xdc.xdc:12]
Resolution: If [get_<value>] was used to populate the object, check to make sure this command returns at least one valid object.
WARNING: [Vivado 12-584] No ports matched 'sw[0]'. [C:/Users/94776/assignment_1/assignment_1.srcs/constrs_1/new/basys3_xdc.xdc:13]
CRITICAL WARNING: [Common 17-55] 'set_property' expects at least one object. [C:/Users/94776/assignment_1/assignment_1.srcs/constrs_1/new/basys3_xdc.xdc:13]
Resolution: If [get_<value>] was used to populate the object, check to make sure this command returns at least one valid object.
WARNING: [Vivado 12-584] No ports matched 'sw[1]'. [C:/Users/94776/assignment_1/assignment_1.srcs/constrs_1/new/basys3_xdc.xdc:14]
CRITICAL WARNING: [Common 17-55] 'set_property' expects at least one object. [C:/Users/94776/assignment_1/assignment_1.srcs/constrs_1/new/basys3_xdc.xdc:14]
Resolution: If [get_<value>] was used to populate the object, check to make sure this command returns at least one valid object.
WARNING: [Vivado 12-584] No ports matched 'sw[1]'. [C:/Users/94776/assignment_1/assignment_1.srcs/constrs_1/new/basys3_xdc.xdc:15]
CRITICAL WARNING: [Common 17-55] 'set_property' expects at least one object. [C:/Users/94776/assignment_1/assignment_1.srcs/constrs_1/new/basys3_xdc.xdc:15]
Resolution: If [get_<value>] was used to populate the object, check to make sure this command returns at least one valid object.
WARNING: [Vivado 12-584] No ports matched 'LED[0]'. [C:/Users/94776/assignment_1/assignment_1.srcs/constrs_1/new/basys3_xdc.xdc:47]
CRITICAL WARNING: [Common 17-55] 'set_property' expects at least one object. [C:/Users/94776/assignment_1/assignment_1.srcs/constrs_1/new/basys3_xdc.xdc:47]
Resolution: If [get_<value>] was used to populate the object, check to make sure this command returns at least one valid object.
WARNING: [Vivado 12-584] No ports matched 'LED[0]'. [C:/Users/94776/assignment_1/assignment_1.srcs/constrs_1/new/basys3_xdc.xdc:48]
CRITICAL WARNING: [Common 17-55] 'set_property' expects at least one object. [C:/Users/94776/assignment_1/assignment_1.srcs/constrs_1/new/basys3_xdc.xdc:48]
Resolution: If [get_<value>] was used to populate the object, check to make sure this command returns at least one valid object.
WARNING: [Vivado 12-584] No ports matched 'LED[1]'. [C:/Users/94776/assignment_1/assignment_1.srcs/constrs_1/new/basys3_xdc.xdc:49]
CRITICAL WARNING: [Common 17-55] 'set_property' expects at least one object. [C:/Users/94776/assignment_1/assignment_1.srcs/constrs_1/new/basys3_xdc.xdc:49]
Resolution: If [get_<value>] was used to populate the object, check to make sure this command returns at least one valid object.
WARNING: [Vivado 12-584] No ports matched 'LED[1]'. [C:/Users/94776/assignment_1/assignment_1.srcs/constrs_1/new/basys3_xdc.xdc:50]
CRITICAL WARNING: [Common 17-55] 'set_property' expects at least one object. [C:/Users/94776/assignment_1/assignment_1.srcs/constrs_1/new/basys3_xdc.xdc:50]
Resolution: If [get_<value>] was used to populate the object, check to make sure this command returns at least one valid object.
WARNING: [Vivado 12-584] No ports matched 'LED[2]'. [C:/Users/94776/assignment_1/assignment_1.srcs/constrs_1/new/basys3_xdc.xdc:51]
CRITICAL WARNING: [Common 17-55] 'set_property' expects at least one object. [C:/Users/94776/assignment_1/assignment_1.srcs/constrs_1/new/basys3_xdc.xdc:51]
Resolution: If [get_<value>] was used to populate the object, check to make sure this command returns at least one valid object.
WARNING: [Vivado 12-584] No ports matched 'LED[2]'. [C:/Users/94776/assignment_1/assignment_1.srcs/constrs_1/new/basys3_xdc.xdc:52]
CRITICAL WARNING: [Common 17-55] 'set_property' expects at least one object. [C:/Users/94776/assignment_1/assignment_1.srcs/constrs_1/new/basys3_xdc.xdc:52]
Resolution: If [get_<value>] was used to populate the object, check to make sure this command returns at least one valid object.
WARNING: [Vivado 12-584] No ports matched 'LED[3]'. [C:/Users/94776/assignment_1/assignment_1.srcs/constrs_1/new/basys3_xdc.xdc:53]
CRITICAL WARNING: [Common 17-55] 'set_property' expects at least one object. [C:/Users/94776/assignment_1/assignment_1.srcs/constrs_1/new/basys3_xdc.xdc:53]
Resolution: If [get_<value>] was used to populate the object, check to make sure this command returns at least one valid object.
WARNING: [Vivado 12-584] No ports matched 'LED[3]'. [C:/Users/94776/assignment_1/assignment_1.srcs/constrs_1/new/basys3_xdc.xdc:54]
CRITICAL WARNING: [Common 17-55] 'set_property' expects at least one object. [C:/Users/94776/assignment_1/assignment_1.srcs/constrs_1/new/basys3_xdc.xdc:54]
Resolution: If [get_<value>] was used to populate the object, check to make sure this command returns at least one valid object.
WARNING: [Vivado 12-584] No ports matched 'LED[4]'. [C:/Users/94776/assignment_1/assignment_1.srcs/constrs_1/new/basys3_xdc.xdc:55]
CRITICAL WARNING: [Common 17-55] 'set_property' expects at least one object. [C:/Users/94776/assignment_1/assignment_1.srcs/constrs_1/new/basys3_xdc.xdc:55]
Resolution: If [get_<value>] was used to populate the object, check to make sure this command returns at least one valid object.
WARNING: [Vivado 12-584] No ports matched 'LED[4]'. [C:/Users/94776/assignment_1/assignment_1.srcs/constrs_1/new/basys3_xdc.xdc:56]
CRITICAL WARNING: [Common 17-55] 'set_property' expects at least one object. [C:/Users/94776/assignment_1/assignment_1.srcs/constrs_1/new/basys3_xdc.xdc:56]
Resolution: If [get_<value>] was used to populate the object, check to make sure this command returns at least one valid object.
WARNING: [Vivado 12-584] No ports matched 'LED[5]'. [C:/Users/94776/assignment_1/assignment_1.srcs/constrs_1/new/basys3_xdc.xdc:57]
CRITICAL WARNING: [Common 17-55] 'set_property' expects at least one object. [C:/Users/94776/assignment_1/assignment_1.srcs/constrs_1/new/basys3_xdc.xdc:57]
Resolution: If [get_<value>] was used to populate the object, check to make sure this command returns at least one valid object.
WARNING: [Vivado 12-584] No ports matched 'LED[5]'. [C:/Users/94776/assignment_1/assignment_1.srcs/constrs_1/new/basys3_xdc.xdc:58]
CRITICAL WARNING: [Common 17-55] 'set_property' expects at least one object. [C:/Users/94776/assignment_1/assignment_1.srcs/constrs_1/new/basys3_xdc.xdc:58]
Resolution: If [get_<value>] was used to populate the object, check to make sure this command returns at least one valid object.
WARNING: [Vivado 12-584] No ports matched 'LED[6]'. [C:/Users/94776/assignment_1/assignment_1.srcs/constrs_1/new/basys3_xdc.xdc:59]
CRITICAL WARNING: [Common 17-55] 'set_property' expects at least one object. [C:/Users/94776/assignment_1/assignment_1.srcs/constrs_1/new/basys3_xdc.xdc:59]
Resolution: If [get_<value>] was used to populate the object, check to make sure this command returns at least one valid object.
WARNING: [Vivado 12-584] No ports matched 'LED[6]'. [C:/Users/94776/assignment_1/assignment_1.srcs/constrs_1/new/basys3_xdc.xdc:60]
CRITICAL WARNING: [Common 17-55] 'set_property' expects at least one object. [C:/Users/94776/assignment_1/assignment_1.srcs/constrs_1/new/basys3_xdc.xdc:60]
Resolution: If [get_<value>] was used to populate the object, check to make sure this command returns at least one valid object.
WARNING: [Vivado 12-584] No ports matched 'LED[7]'. [C:/Users/94776/assignment_1/assignment_1.srcs/constrs_1/new/basys3_xdc.xdc:61]
CRITICAL WARNING: [Common 17-55] 'set_property' expects at least one object. [C:/Users/94776/assignment_1/assignment_1.srcs/constrs_1/new/basys3_xdc.xdc:61]
Resolution: If [get_<value>] was used to populate the object, check to make sure this command returns at least one valid object.
WARNING: [Vivado 12-584] No ports matched 'LED[7]'. [C:/Users/94776/assignment_1/assignment_1.srcs/constrs_1/new/basys3_xdc.xdc:62]
CRITICAL WARNING: [Common 17-55] 'set_property' expects at least one object. [C:/Users/94776/assignment_1/assignment_1.srcs/constrs_1/new/basys3_xdc.xdc:62]
Resolution: If [get_<value>] was used to populate the object, check to make sure this command returns at least one valid object.
WARNING: [Vivado 12-584] No ports matched 'LED[8]'. [C:/Users/94776/assignment_1/assignment_1.srcs/constrs_1/new/basys3_xdc.xdc:63]
CRITICAL WARNING: [Common 17-55] 'set_property' expects at least one object. [C:/Users/94776/assignment_1/assignment_1.srcs/constrs_1/new/basys3_xdc.xdc:63]
Resolution: If [get_<value>] was used to populate the object, check to make sure this command returns at least one valid object.
WARNING: [Vivado 12-584] No ports matched 'LED[8]'. [C:/Users/94776/assignment_1/assignment_1.srcs/constrs_1/new/basys3_xdc.xdc:64]
CRITICAL WARNING: [Common 17-55] 'set_property' expects at least one object. [C:/Users/94776/assignment_1/assignment_1.srcs/constrs_1/new/basys3_xdc.xdc:64]
Resolution: If [get_<value>] was used to populate the object, check to make sure this command returns at least one valid object.
WARNING: [Vivado 12-584] No ports matched 'LED[9]'. [C:/Users/94776/assignment_1/assignment_1.srcs/constrs_1/new/basys3_xdc.xdc:65]
CRITICAL WARNING: [Common 17-55] 'set_property' expects at least one object. [C:/Users/94776/assignment_1/assignment_1.srcs/constrs_1/new/basys3_xdc.xdc:65]
Resolution: If [get_<value>] was used to populate the object, check to make sure this command returns at least one valid object.
WARNING: [Vivado 12-584] No ports matched 'LED[9]'. [C:/Users/94776/assignment_1/assignment_1.srcs/constrs_1/new/basys3_xdc.xdc:66]
CRITICAL WARNING: [Common 17-55] 'set_property' expects at least one object. [C:/Users/94776/assignment_1/assignment_1.srcs/constrs_1/new/basys3_xdc.xdc:66]
Resolution: If [get_<value>] was used to populate the object, check to make sure this command returns at least one valid object.
WARNING: [Vivado 12-584] No ports matched 'LED[10]'. [C:/Users/94776/assignment_1/assignment_1.srcs/constrs_1/new/basys3_xdc.xdc:67]
CRITICAL WARNING: [Common 17-55] 'set_property' expects at least one object. [C:/Users/94776/assignment_1/assignment_1.srcs/constrs_1/new/basys3_xdc.xdc:67]
Resolution: If [get_<value>] was used to populate the object, check to make sure this command returns at least one valid object.
WARNING: [Vivado 12-584] No ports matched 'LED[10]'. [C:/Users/94776/assignment_1/assignment_1.srcs/constrs_1/new/basys3_xdc.xdc:68]
CRITICAL WARNING: [Common 17-55] 'set_property' expects at least one object. [C:/Users/94776/assignment_1/assignment_1.srcs/constrs_1/new/basys3_xdc.xdc:68]
Resolution: If [get_<value>] was used to populate the object, check to make sure this command returns at least one valid object.
WARNING: [Vivado 12-584] No ports matched 'LED[11]'. [C:/Users/94776/assignment_1/assignment_1.srcs/constrs_1/new/basys3_xdc.xdc:69]
CRITICAL WARNING: [Common 17-55] 'set_property' expects at least one object. [C:/Users/94776/assignment_1/assignment_1.srcs/constrs_1/new/basys3_xdc.xdc:69]
Resolution: If [get_<value>] was used to populate the object, check to make sure this command returns at least one valid object.
WARNING: [Vivado 12-584] No ports matched 'LED[11]'. [C:/Users/94776/assignment_1/assignment_1.srcs/constrs_1/new/basys3_xdc.xdc:70]
CRITICAL WARNING: [Common 17-55] 'set_property' expects at least one object. [C:/Users/94776/assignment_1/assignment_1.srcs/constrs_1/new/basys3_xdc.xdc:70]
Resolution: If [get_<value>] was used to populate the object, check to make sure this command returns at least one valid object.
WARNING: [Vivado 12-584] No ports matched 'LED[12]'. [C:/Users/94776/assignment_1/assignment_1.srcs/constrs_1/new/basys3_xdc.xdc:71]
CRITICAL WARNING: [Common 17-55] 'set_property' expects at least one object. [C:/Users/94776/assignment_1/assignment_1.srcs/constrs_1/new/basys3_xdc.xdc:71]
Resolution: If [get_<value>] was used to populate the object, check to make sure this command returns at least one valid object.
WARNING: [Vivado 12-584] No ports matched 'LED[12]'. [C:/Users/94776/assignment_1/assignment_1.srcs/constrs_1/new/basys3_xdc.xdc:72]
CRITICAL WARNING: [Common 17-55] 'set_property' expects at least one object. [C:/Users/94776/assignment_1/assignment_1.srcs/constrs_1/new/basys3_xdc.xdc:72]
Resolution: If [get_<value>] was used to populate the object, check to make sure this command returns at least one valid object.
WARNING: [Vivado 12-584] No ports matched 'LED[13]'. [C:/Users/94776/assignment_1/assignment_1.srcs/constrs_1/new/basys3_xdc.xdc:73]
CRITICAL WARNING: [Common 17-55] 'set_property' expects at least one object. [C:/Users/94776/assignment_1/assignment_1.srcs/constrs_1/new/basys3_xdc.xdc:73]
Resolution: If [get_<value>] was used to populate the object, check to make sure this command returns at least one valid object.
WARNING: [Vivado 12-584] No ports matched 'LED[13]'. [C:/Users/94776/assignment_1/assignment_1.srcs/constrs_1/new/basys3_xdc.xdc:74]
CRITICAL WARNING: [Common 17-55] 'set_property' expects at least one object. [C:/Users/94776/assignment_1/assignment_1.srcs/constrs_1/new/basys3_xdc.xdc:74]
Resolution: If [get_<value>] was used to populate the object, check to make sure this command returns at least one valid object.
WARNING: [Vivado 12-584] No ports matched 'LED[14]'. [C:/Users/94776/assignment_1/assignment_1.srcs/constrs_1/new/basys3_xdc.xdc:75]
CRITICAL WARNING: [Common 17-55] 'set_property' expects at least one object. [C:/Users/94776/assignment_1/assignment_1.srcs/constrs_1/new/basys3_xdc.xdc:75]
Resolution: If [get_<value>] was used to populate the object, check to make sure this command returns at least one valid object.
WARNING: [Vivado 12-584] No ports matched 'LED[14]'. [C:/Users/94776/assignment_1/assignment_1.srcs/constrs_1/new/basys3_xdc.xdc:76]
CRITICAL WARNING: [Common 17-55] 'set_property' expects at least one object. [C:/Users/94776/assignment_1/assignment_1.srcs/constrs_1/new/basys3_xdc.xdc:76]
Resolution: If [get_<value>] was used to populate the object, check to make sure this command returns at least one valid object.
WARNING: [Vivado 12-584] No ports matched 'LED[15]'. [C:/Users/94776/assignment_1/assignment_1.srcs/constrs_1/new/basys3_xdc.xdc:77]
CRITICAL WARNING: [Common 17-55] 'set_property' expects at least one object. [C:/Users/94776/assignment_1/assignment_1.srcs/constrs_1/new/basys3_xdc.xdc:77]
Resolution: If [get_<value>] was used to populate the object, check to make sure this command returns at least one valid object.
WARNING: [Vivado 12-584] No ports matched 'LED[15]'. [C:/Users/94776/assignment_1/assignment_1.srcs/constrs_1/new/basys3_xdc.xdc:78]
CRITICAL WARNING: [Common 17-55] 'set_property' expects at least one object. [C:/Users/94776/assignment_1/assignment_1.srcs/constrs_1/new/basys3_xdc.xdc:78]
Resolution: If [get_<value>] was used to populate the object, check to make sure this command returns at least one valid object.
WARNING: [Vivado 12-584] No ports matched 'seg[0]'. [C:/Users/94776/assignment_1/assignment_1.srcs/constrs_1/new/basys3_xdc.xdc:82]
CRITICAL WARNING: [Common 17-55] 'set_property' expects at least one object. [C:/Users/94776/assignment_1/assignment_1.srcs/constrs_1/new/basys3_xdc.xdc:82]
Resolution: If [get_<value>] was used to populate the object, check to make sure this command returns at least one valid object.
WARNING: [Vivado 12-584] No ports matched 'seg[0]'. [C:/Users/94776/assignment_1/assignment_1.srcs/constrs_1/new/basys3_xdc.xdc:83]
CRITICAL WARNING: [Common 17-55] 'set_property' expects at least one object. [C:/Users/94776/assignment_1/assignment_1.srcs/constrs_1/new/basys3_xdc.xdc:83]
Resolution: If [get_<value>] was used to populate the object, check to make sure this command returns at least one valid object.
WARNING: [Vivado 12-584] No ports matched 'seg[1]'. [C:/Users/94776/assignment_1/assignment_1.srcs/constrs_1/new/basys3_xdc.xdc:84]
CRITICAL WARNING: [Common 17-55] 'set_property' expects at least one object. [C:/Users/94776/assignment_1/assignment_1.srcs/constrs_1/new/basys3_xdc.xdc:84]
Resolution: If [get_<value>] was used to populate the object, check to make sure this command returns at least one valid object.
WARNING: [Vivado 12-584] No ports matched 'seg[1]'. [C:/Users/94776/assignment_1/assignment_1.srcs/constrs_1/new/basys3_xdc.xdc:85]
CRITICAL WARNING: [Common 17-55] 'set_property' expects at least one object. [C:/Users/94776/assignment_1/assignment_1.srcs/constrs_1/new/basys3_xdc.xdc:85]
Resolution: If [get_<value>] was used to populate the object, check to make sure this command returns at least one valid object.
WARNING: [Vivado 12-584] No ports matched 'seg[2]'. [C:/Users/94776/assignment_1/assignment_1.srcs/constrs_1/new/basys3_xdc.xdc:86]
CRITICAL WARNING: [Common 17-55] 'set_property' expects at least one object. [C:/Users/94776/assignment_1/assignment_1.srcs/constrs_1/new/basys3_xdc.xdc:86]
Resolution: If [get_<value>] was used to populate the object, check to make sure this command returns at least one valid object.
WARNING: [Vivado 12-584] No ports matched 'seg[2]'. [C:/Users/94776/assignment_1/assignment_1.srcs/constrs_1/new/basys3_xdc.xdc:87]
CRITICAL WARNING: [Common 17-55] 'set_property' expects at least one object. [C:/Users/94776/assignment_1/assignment_1.srcs/constrs_1/new/basys3_xdc.xdc:87]
Resolution: If [get_<value>] was used to populate the object, check to make sure this command returns at least one valid object.
WARNING: [Vivado 12-584] No ports matched 'seg[3]'. [C:/Users/94776/assignment_1/assignment_1.srcs/constrs_1/new/basys3_xdc.xdc:88]
CRITICAL WARNING: [Common 17-55] 'set_property' expects at least one object. [C:/Users/94776/assignment_1/assignment_1.srcs/constrs_1/new/basys3_xdc.xdc:88]
Resolution: If [get_<value>] was used to populate the object, check to make sure this command returns at least one valid object.
WARNING: [Vivado 12-584] No ports matched 'seg[3]'. [C:/Users/94776/assignment_1/assignment_1.srcs/constrs_1/new/basys3_xdc.xdc:89]
CRITICAL WARNING: [Common 17-55] 'set_property' expects at least one object. [C:/Users/94776/assignment_1/assignment_1.srcs/constrs_1/new/basys3_xdc.xdc:89]
Resolution: If [get_<value>] was used to populate the object, check to make sure this command returns at least one valid object.
WARNING: [Vivado 12-584] No ports matched 'seg[4]'. [C:/Users/94776/assignment_1/assignment_1.srcs/constrs_1/new/basys3_xdc.xdc:90]
CRITICAL WARNING: [Common 17-55] 'set_property' expects at least one object. [C:/Users/94776/assignment_1/assignment_1.srcs/constrs_1/new/basys3_xdc.xdc:90]
Resolution: If [get_<value>] was used to populate the object, check to make sure this command returns at least one valid object.
WARNING: [Vivado 12-584] No ports matched 'seg[4]'. [C:/Users/94776/assignment_1/assignment_1.srcs/constrs_1/new/basys3_xdc.xdc:91]
CRITICAL WARNING: [Common 17-55] 'set_property' expects at least one object. [C:/Users/94776/assignment_1/assignment_1.srcs/constrs_1/new/basys3_xdc.xdc:91]
Resolution: If [get_<value>] was used to populate the object, check to make sure this command returns at least one valid object.
WARNING: [Vivado 12-584] No ports matched 'seg[5]'. [C:/Users/94776/assignment_1/assignment_1.srcs/constrs_1/new/basys3_xdc.xdc:92]
CRITICAL WARNING: [Common 17-55] 'set_property' expects at least one object. [C:/Users/94776/assignment_1/assignment_1.srcs/constrs_1/new/basys3_xdc.xdc:92]
Resolution: If [get_<value>] was used to populate the object, check to make sure this command returns at least one valid object.
WARNING: [Vivado 12-584] No ports matched 'seg[5]'. [C:/Users/94776/assignment_1/assignment_1.srcs/constrs_1/new/basys3_xdc.xdc:93]
CRITICAL WARNING: [Common 17-55] 'set_property' expects at least one object. [C:/Users/94776/assignment_1/assignment_1.srcs/constrs_1/new/basys3_xdc.xdc:93]
Resolution: If [get_<value>] was used to populate the object, check to make sure this command returns at least one valid object.
WARNING: [Vivado 12-584] No ports matched 'seg[6]'. [C:/Users/94776/assignment_1/assignment_1.srcs/constrs_1/new/basys3_xdc.xdc:94]
CRITICAL WARNING: [Common 17-55] 'set_property' expects at least one object. [C:/Users/94776/assignment_1/assignment_1.srcs/constrs_1/new/basys3_xdc.xdc:94]
Resolution: If [get_<value>] was used to populate the object, check to make sure this command returns at least one valid object.
WARNING: [Vivado 12-584] No ports matched 'seg[6]'. [C:/Users/94776/assignment_1/assignment_1.srcs/constrs_1/new/basys3_xdc.xdc:95]
CRITICAL WARNING: [Common 17-55] 'set_property' expects at least one object. [C:/Users/94776/assignment_1/assignment_1.srcs/constrs_1/new/basys3_xdc.xdc:95]
Resolution: If [get_<value>] was used to populate the object, check to make sure this command returns at least one valid object.
WARNING: [Vivado 12-584] No ports matched 'dp'. [C:/Users/94776/assignment_1/assignment_1.srcs/constrs_1/new/basys3_xdc.xdc:97]
CRITICAL WARNING: [Common 17-55] 'set_property' expects at least one object. [C:/Users/94776/assignment_1/assignment_1.srcs/constrs_1/new/basys3_xdc.xdc:97]
Resolution: If [get_<value>] was used to populate the object, check to make sure this command returns at least one valid object.
WARNING: [Vivado 12-584] No ports matched 'dp'. [C:/Users/94776/assignment_1/assignment_1.srcs/constrs_1/new/basys3_xdc.xdc:98]
CRITICAL WARNING: [Common 17-55] 'set_property' expects at least one object. [C:/Users/94776/assignment_1/assignment_1.srcs/constrs_1/new/basys3_xdc.xdc:98]
Resolution: If [get_<value>] was used to populate the object, check to make sure this command returns at least one valid object.
WARNING: [Vivado 12-584] No ports matched 'an[0]'. [C:/Users/94776/assignment_1/assignment_1.srcs/constrs_1/new/basys3_xdc.xdc:100]
CRITICAL WARNING: [Common 17-55] 'set_property' expects at least one object. [C:/Users/94776/assignment_1/assignment_1.srcs/constrs_1/new/basys3_xdc.xdc:100]
Resolution: If [get_<value>] was used to populate the object, check to make sure this command returns at least one valid object.
WARNING: [Vivado 12-584] No ports matched 'an[0]'. [C:/Users/94776/assignment_1/assignment_1.srcs/constrs_1/new/basys3_xdc.xdc:101]
CRITICAL WARNING: [Common 17-55] 'set_property' expects at least one object. [C:/Users/94776/assignment_1/assignment_1.srcs/constrs_1/new/basys3_xdc.xdc:101]
Resolution: If [get_<value>] was used to populate the object, check to make sure this command returns at least one valid object.
WARNING: [Vivado 12-584] No ports matched 'an[1]'. [C:/Users/94776/assignment_1/assignment_1.srcs/constrs_1/new/basys3_xdc.xdc:102]
CRITICAL WARNING: [Common 17-55] 'set_property' expects at least one object. [C:/Users/94776/assignment_1/assignment_1.srcs/constrs_1/new/basys3_xdc.xdc:102]
Resolution: If [get_<value>] was used to populate the object, check to make sure this command returns at least one valid object.
WARNING: [Vivado 12-584] No ports matched 'an[1]'. [C:/Users/94776/assignment_1/assignment_1.srcs/constrs_1/new/basys3_xdc.xdc:103]
CRITICAL WARNING: [Common 17-55] 'set_property' expects at least one object. [C:/Users/94776/assignment_1/assignment_1.srcs/constrs_1/new/basys3_xdc.xdc:103]
Resolution: If [get_<value>] was used to populate the object, check to make sure this command returns at least one valid object.
WARNING: [Vivado 12-584] No ports matched 'an[2]'. [C:/Users/94776/assignment_1/assignment_1.srcs/constrs_1/new/basys3_xdc.xdc:104]
CRITICAL WARNING: [Common 17-55] 'set_property' expects at least one object. [C:/Users/94776/assignment_1/assignment_1.srcs/constrs_1/new/basys3_xdc.xdc:104]
Resolution: If [get_<value>] was used to populate the object, check to make sure this command returns at least one valid object.
WARNING: [Vivado 12-584] No ports matched 'an[2]'. [C:/Users/94776/assignment_1/assignment_1.srcs/constrs_1/new/basys3_xdc.xdc:105]
CRITICAL WARNING: [Common 17-55] 'set_property' expects at least one object. [C:/Users/94776/assignment_1/assignment_1.srcs/constrs_1/new/basys3_xdc.xdc:105]
Resolution: If [get_<value>] was used to populate the object, check to make sure this command returns at least one valid object.
WARNING: [Vivado 12-584] No ports matched 'an[3]'. [C:/Users/94776/assignment_1/assignment_1.srcs/constrs_1/new/basys3_xdc.xdc:106]
CRITICAL WARNING: [Common 17-55] 'set_property' expects at least one object. [C:/Users/94776/assignment_1/assignment_1.srcs/constrs_1/new/basys3_xdc.xdc:106]
Resolution: If [get_<value>] was used to populate the object, check to make sure this command returns at least one valid object.
WARNING: [Vivado 12-584] No ports matched 'an[3]'. [C:/Users/94776/assignment_1/assignment_1.srcs/constrs_1/new/basys3_xdc.xdc:107]
CRITICAL WARNING: [Common 17-55] 'set_property' expects at least one object. [C:/Users/94776/assignment_1/assignment_1.srcs/constrs_1/new/basys3_xdc.xdc:107]
Resolution: If [get_<value>] was used to populate the object, check to make sure this command returns at least one valid object.
WARNING: [Vivado 12-584] No ports matched 'vauxp6'. [C:/Users/94776/assignment_1/assignment_1.srcs/constrs_1/new/basys3_xdc.xdc:209]
CRITICAL WARNING: [Common 17-55] 'set_property' expects at least one object. [C:/Users/94776/assignment_1/assignment_1.srcs/constrs_1/new/basys3_xdc.xdc:209]
Resolution: If [get_<value>] was used to populate the object, check to make sure this command returns at least one valid object.
WARNING: [Vivado 12-584] No ports matched 'vauxp6'. [C:/Users/94776/assignment_1/assignment_1.srcs/constrs_1/new/basys3_xdc.xdc:210]
CRITICAL WARNING: [Common 17-55] 'set_property' expects at least one object. [C:/Users/94776/assignment_1/assignment_1.srcs/constrs_1/new/basys3_xdc.xdc:210]
Resolution: If [get_<value>] was used to populate the object, check to make sure this command returns at least one valid object.
WARNING: [Vivado 12-584] No ports matched 'vauxp14'. [C:/Users/94776/assignment_1/assignment_1.srcs/constrs_1/new/basys3_xdc.xdc:212]
CRITICAL WARNING: [Common 17-55] 'set_property' expects at least one object. [C:/Users/94776/assignment_1/assignment_1.srcs/constrs_1/new/basys3_xdc.xdc:212]
Resolution: If [get_<value>] was used to populate the object, check to make sure this command returns at least one valid object.
WARNING: [Vivado 12-584] No ports matched 'vauxp14'. [C:/Users/94776/assignment_1/assignment_1.srcs/constrs_1/new/basys3_xdc.xdc:213]
CRITICAL WARNING: [Common 17-55] 'set_property' expects at least one object. [C:/Users/94776/assignment_1/assignment_1.srcs/constrs_1/new/basys3_xdc.xdc:213]
Resolution: If [get_<value>] was used to populate the object, check to make sure this command returns at least one valid object.
WARNING: [Vivado 12-584] No ports matched 'vauxp7'. [C:/Users/94776/assignment_1/assignment_1.srcs/constrs_1/new/basys3_xdc.xdc:215]
CRITICAL WARNING: [Common 17-55] 'set_property' expects at least one object. [C:/Users/94776/assignment_1/assignment_1.srcs/constrs_1/new/basys3_xdc.xdc:215]
Resolution: If [get_<value>] was used to populate the object, check to make sure this command returns at least one valid object.
WARNING: [Vivado 12-584] No ports matched 'vauxp7'. [C:/Users/94776/assignment_1/assignment_1.srcs/constrs_1/new/basys3_xdc.xdc:216]
CRITICAL WARNING: [Common 17-55] 'set_property' expects at least one object. [C:/Users/94776/assignment_1/assignment_1.srcs/constrs_1/new/basys3_xdc.xdc:216]
Resolution: If [get_<value>] was used to populate the object, check to make sure this command returns at least one valid object.
WARNING: [Vivado 12-584] No ports matched 'vauxp15'. [C:/Users/94776/assignment_1/assignment_1.srcs/constrs_1/new/basys3_xdc.xdc:218]
CRITICAL WARNING: [Common 17-55] 'set_property' expects at least one object. [C:/Users/94776/assignment_1/assignment_1.srcs/constrs_1/new/basys3_xdc.xdc:218]
Resolution: If [get_<value>] was used to populate the object, check to make sure this command returns at least one valid object.
WARNING: [Vivado 12-584] No ports matched 'vauxp15'. [C:/Users/94776/assignment_1/assignment_1.srcs/constrs_1/new/basys3_xdc.xdc:219]
CRITICAL WARNING: [Common 17-55] 'set_property' expects at least one object. [C:/Users/94776/assignment_1/assignment_1.srcs/constrs_1/new/basys3_xdc.xdc:219]
Resolution: If [get_<value>] was used to populate the object, check to make sure this command returns at least one valid object.
WARNING: [Vivado 12-584] No ports matched 'vauxn6'. [C:/Users/94776/assignment_1/assignment_1.srcs/constrs_1/new/basys3_xdc.xdc:221]
CRITICAL WARNING: [Common 17-55] 'set_property' expects at least one object. [C:/Users/94776/assignment_1/assignment_1.srcs/constrs_1/new/basys3_xdc.xdc:221]
Resolution: If [get_<value>] was used to populate the object, check to make sure this command returns at least one valid object.
WARNING: [Vivado 12-584] No ports matched 'vauxn6'. [C:/Users/94776/assignment_1/assignment_1.srcs/constrs_1/new/basys3_xdc.xdc:222]
CRITICAL WARNING: [Common 17-55] 'set_property' expects at least one object. [C:/Users/94776/assignment_1/assignment_1.srcs/constrs_1/new/basys3_xdc.xdc:222]
Resolution: If [get_<value>] was used to populate the object, check to make sure this command returns at least one valid object.
WARNING: [Vivado 12-584] No ports matched 'vauxn14'. [C:/Users/94776/assignment_1/assignment_1.srcs/constrs_1/new/basys3_xdc.xdc:224]
CRITICAL WARNING: [Common 17-55] 'set_property' expects at least one object. [C:/Users/94776/assignment_1/assignment_1.srcs/constrs_1/new/basys3_xdc.xdc:224]
Resolution: If [get_<value>] was used to populate the object, check to make sure this command returns at least one valid object.
WARNING: [Vivado 12-584] No ports matched 'vauxn14'. [C:/Users/94776/assignment_1/assignment_1.srcs/constrs_1/new/basys3_xdc.xdc:225]
CRITICAL WARNING: [Common 17-55] 'set_property' expects at least one object. [C:/Users/94776/assignment_1/assignment_1.srcs/constrs_1/new/basys3_xdc.xdc:225]
Resolution: If [get_<value>] was used to populate the object, check to make sure this command returns at least one valid object.
WARNING: [Vivado 12-584] No ports matched 'vauxn7'. [C:/Users/94776/assignment_1/assignment_1.srcs/constrs_1/new/basys3_xdc.xdc:227]
CRITICAL WARNING: [Common 17-55] 'set_property' expects at least one object. [C:/Users/94776/assignment_1/assignment_1.srcs/constrs_1/new/basys3_xdc.xdc:227]
Resolution: If [get_<value>] was used to populate the object, check to make sure this command returns at least one valid object.
WARNING: [Vivado 12-584] No ports matched 'vauxn7'. [C:/Users/94776/assignment_1/assignment_1.srcs/constrs_1/new/basys3_xdc.xdc:228]
CRITICAL WARNING: [Common 17-55] 'set_property' expects at least one object. [C:/Users/94776/assignment_1/assignment_1.srcs/constrs_1/new/basys3_xdc.xdc:228]
Resolution: If [get_<value>] was used to populate the object, check to make sure this command returns at least one valid object.
WARNING: [Vivado 12-584] No ports matched 'vauxn15'. [C:/Users/94776/assignment_1/assignment_1.srcs/constrs_1/new/basys3_xdc.xdc:230]
CRITICAL WARNING: [Common 17-55] 'set_property' expects at least one object. [C:/Users/94776/assignment_1/assignment_1.srcs/constrs_1/new/basys3_xdc.xdc:230]
Resolution: If [get_<value>] was used to populate the object, check to make sure this command returns at least one valid object.
WARNING: [Vivado 12-584] No ports matched 'vauxn15'. [C:/Users/94776/assignment_1/assignment_1.srcs/constrs_1/new/basys3_xdc.xdc:231]
CRITICAL WARNING: [Common 17-55] 'set_property' expects at least one object. [C:/Users/94776/assignment_1/assignment_1.srcs/constrs_1/new/basys3_xdc.xdc:231]
Resolution: If [get_<value>] was used to populate the object, check to make sure this command returns at least one valid object.
Finished Parsing XDC File [C:/Users/94776/assignment_1/assignment_1.srcs/constrs_1/new/basys3_xdc.xdc]
Completed Processing XDC Constraints

INFO: [Project 1-111] Unisim Transformation Summary:
No Unisim elements were transformed.

Constraint Validation Runtime : Time (s): cpu = 00:00:00 ; elapsed = 00:00:00.079 . Memory (MB): peak = 591.398 ; gain = 0.000
---------------------------------------------------------------------------------
Finished Constraint Validation : Time (s): cpu = 00:00:13 ; elapsed = 00:00:22 . Memory (MB): peak = 591.398 ; gain = 381.328
---------------------------------------------------------------------------------
---------------------------------------------------------------------------------
Start Loading Part and Timing Information
---------------------------------------------------------------------------------
Loading part: xc7a35tcpg236-1
---------------------------------------------------------------------------------
Finished Loading Part and Timing Information : Time (s): cpu = 00:00:13 ; elapsed = 00:00:22 . Memory (MB): peak = 591.398 ; gain = 381.328
---------------------------------------------------------------------------------
---------------------------------------------------------------------------------
Start Applying 'set_property' XDC Constraints
---------------------------------------------------------------------------------
---------------------------------------------------------------------------------
Finished applying 'set_property' XDC Constraints : Time (s): cpu = 00:00:13 ; elapsed = 00:00:22 . Memory (MB): peak = 591.398 ; gain = 381.328
---------------------------------------------------------------------------------
---------------------------------------------------------------------------------
Finished RTL Optimization Phase 2 : Time (s): cpu = 00:00:13 ; elapsed = 00:00:22 . Memory (MB): peak = 591.398 ; gain = 381.328
---------------------------------------------------------------------------------

Report RTL Partitions: 
+-+--------------+------------+----------+
| |RTL Partition |Replication |Instances |
+-+--------------+------------+----------+
+-+--------------+------------+----------+
---------------------------------------------------------------------------------
Start RTL Component Statistics 
---------------------------------------------------------------------------------
Detailed RTL Component Info : 
---------------------------------------------------------------------------------
Finished RTL Component Statistics 
---------------------------------------------------------------------------------
---------------------------------------------------------------------------------
Start RTL Hierarchical Component Statistics 
---------------------------------------------------------------------------------
Hierarchical RTL Component report 
---------------------------------------------------------------------------------
Finished RTL Hierarchical Component Statistics
---------------------------------------------------------------------------------
---------------------------------------------------------------------------------
Start Part Resource Summary
---------------------------------------------------------------------------------
Part Resources:
DSPs: 90 (col length:60)
BRAMs: 100 (col length: RAMB18 60 RAMB36 30)
---------------------------------------------------------------------------------
Finished Part Resource Summary
---------------------------------------------------------------------------------
---------------------------------------------------------------------------------
Start Cross Boundary and Area Optimization
---------------------------------------------------------------------------------
---------------------------------------------------------------------------------
Finished Cross Boundary and Area Optimization : Time (s): cpu = 00:00:13 ; elapsed = 00:00:22 . Memory (MB): peak = 591.398 ; gain = 381.328
---------------------------------------------------------------------------------

Report RTL Partitions: 
+-+--------------+------------+----------+
| |RTL Partition |Replication |Instances |
+-+--------------+------------+----------+
+-+--------------+------------+----------+
---------------------------------------------------------------------------------
Start Timing Optimization
---------------------------------------------------------------------------------
---------------------------------------------------------------------------------
Start Applying XDC Timing Constraints
---------------------------------------------------------------------------------
---------------------------------------------------------------------------------
Finished Applying XDC Timing Constraints : Time (s): cpu = 00:00:22 ; elapsed = 00:00:31 . Memory (MB): peak = 606.848 ; gain = 396.777
---------------------------------------------------------------------------------
---------------------------------------------------------------------------------
Finished Timing Optimization : Time (s): cpu = 00:00:22 ; elapsed = 00:00:31 . Memory (MB): peak = 606.848 ; gain = 396.777
---------------------------------------------------------------------------------

Report RTL Partitions: 
+-+--------------+------------+----------+
| |RTL Partition |Replication |Instances |
+-+--------------+------------+----------+
+-+--------------+------------+----------+
---------------------------------------------------------------------------------
Start Technology Mapping
---------------------------------------------------------------------------------
---------------------------------------------------------------------------------
Finished Technology Mapping : Time (s): cpu = 00:00:22 ; elapsed = 00:00:31 . Memory (MB): peak = 616.473 ; gain = 406.402
---------------------------------------------------------------------------------

Report RTL Partitions: 
+-+--------------+------------+----------+
| |RTL Partition |Replication |Instances |
+-+--------------+------------+----------+
+-+--------------+------------+----------+
---------------------------------------------------------------------------------
Start IO Insertion
---------------------------------------------------------------------------------
---------------------------------------------------------------------------------
Start Flattening Before IO Insertion
---------------------------------------------------------------------------------
---------------------------------------------------------------------------------
Finished Flattening Before IO Insertion
---------------------------------------------------------------------------------
---------------------------------------------------------------------------------
Start Final Netlist Cleanup
---------------------------------------------------------------------------------
---------------------------------------------------------------------------------
Finished Final Netlist Cleanup
---------------------------------------------------------------------------------
---------------------------------------------------------------------------------
Finished IO Insertion : Time (s): cpu = 00:00:22 ; elapsed = 00:00:31 . Memory (MB): peak = 616.473 ; gain = 406.402
---------------------------------------------------------------------------------

Report Check Netlist: 
+------+------------------+-------+---------+-------+------------------+
|      |Item              |Errors |Warnings |Status |Description       |
+------+------------------+-------+---------+-------+------------------+
|1     |multi_driven_nets |      0|        0|Passed |Multi driven nets |
+------+------------------+-------+---------+-------+------------------+
---------------------------------------------------------------------------------
Start Renaming Generated Instances
---------------------------------------------------------------------------------
---------------------------------------------------------------------------------
Finished Renaming Generated Instances : Time (s): cpu = 00:00:22 ; elapsed = 00:00:31 . Memory (MB): peak = 616.473 ; gain = 406.402
---------------------------------------------------------------------------------

Report RTL Partitions: 
+-+--------------+------------+----------+
| |RTL Partition |Replication |Instances |
+-+--------------+------------+----------+
+-+--------------+------------+----------+
---------------------------------------------------------------------------------
Start Rebuilding User Hierarchy
---------------------------------------------------------------------------------
---------------------------------------------------------------------------------
Finished Rebuilding User Hierarchy : Time (s): cpu = 00:00:22 ; elapsed = 00:00:31 . Memory (MB): peak = 616.473 ; gain = 406.402
---------------------------------------------------------------------------------
---------------------------------------------------------------------------------
Start Renaming Generated Ports
---------------------------------------------------------------------------------
---------------------------------------------------------------------------------
Finished Renaming Generated Ports : Time (s): cpu = 00:00:22 ; elapsed = 00:00:31 . Memory (MB): peak = 616.473 ; gain = 406.402
---------------------------------------------------------------------------------
---------------------------------------------------------------------------------
Start Handling Custom Attributes
---------------------------------------------------------------------------------
---------------------------------------------------------------------------------
Finished Handling Custom Attributes : Time (s): cpu = 00:00:22 ; elapsed = 00:00:32 . Memory (MB): peak = 616.473 ; gain = 406.402
---------------------------------------------------------------------------------
---------------------------------------------------------------------------------
Start Renaming Generated Nets
---------------------------------------------------------------------------------
---------------------------------------------------------------------------------
Finished Renaming Generated Nets : Time (s): cpu = 00:00:22 ; elapsed = 00:00:32 . Memory (MB): peak = 616.473 ; gain = 406.402
---------------------------------------------------------------------------------
---------------------------------------------------------------------------------
Start Writing Synthesis Report
---------------------------------------------------------------------------------

Report BlackBoxes: 
+-+--------------+----------+
| |BlackBox name |Instances |
+-+--------------+----------+
+-+--------------+----------+

Report Cell Usage: 
+------+-----+------+
|      |Cell |Count |
+------+-----+------+
|1     |LUT3 |     1|
|2     |IBUF |     3|
|3     |OBUF |     1|
+------+-----+------+

Report Instance Areas: 
+------+-----------------+-----------+------+
|      |Instance         |Module     |Cells |
+------+-----------------+-----------+------+
|1     |top              |           |     5|
|2     |  and_gate_3_ins |and_gate_3 |     1|
+------+-----------------+-----------+------+
---------------------------------------------------------------------------------
Finished Writing Synthesis Report : Time (s): cpu = 00:00:22 ; elapsed = 00:00:32 . Memory (MB): peak = 616.473 ; gain = 406.402
---------------------------------------------------------------------------------
Synthesis finished with 0 errors, 0 critical warnings and 0 warnings.
Synthesis Optimization Runtime : Time (s): cpu = 00:00:12 ; elapsed = 00:00:18 . Memory (MB): peak = 616.473 ; gain = 136.352
Synthesis Optimization Complete : Time (s): cpu = 00:00:22 ; elapsed = 00:00:32 . Memory (MB): peak = 616.473 ; gain = 406.402
INFO: [Project 1-571] Translating synthesized netlist
INFO: [Netlist 29-17] Analyzing 3 Unisim elements for replacement
INFO: [Netlist 29-28] Unisim Transformation completed in 0 CPU seconds
INFO: [Project 1-570] Preparing netlist for logic optimization
INFO: [Opt 31-138] Pushed 0 inverter(s) to 0 load pin(s).
INFO: [Project 1-111] Unisim Transformation Summary:
No Unisim elements were transformed.

INFO: [Common 17-83] Releasing license: Synthesis
26 Infos, 79 Warnings, 79 Critical Warnings and 0 Errors encountered.
synth_design completed successfully
synth_design: Time (s): cpu = 00:00:20 ; elapsed = 00:00:25 . Memory (MB): peak = 630.234 ; gain = 392.570
INFO: [Common 17-1381] The checkpoint 'C:/Users/94776/assignment_1/assignment_1.runs/synth_1/schematicFile.dcp' has been generated.
report_utilization: Time (s): cpu = 00:00:00 ; elapsed = 00:00:00.010 . Memory (MB): peak = 630.234 ; gain = 0.000
INFO: [Common 17-206] Exiting Vivado at Sun Aug 15 10:54:16 2021...
