
*** Running vivado
    with args -log schematicFile.vdi -applog -m64 -product Vivado -messageDb vivado.pb -mode batch -source schematicFile.tcl -notrace


****** Vivado v2016.3 (64-bit)
  **** SW Build 1682563 on Mon Oct 10 19:07:27 MDT 2016
  **** IP Build 1681267 on Mon Oct 10 21:28:31 MDT 2016
    ** Copyright 1986-2016 Xilinx, Inc. All Rights Reserved.

source schematicFile.tcl -notrace
Design is defaulting to srcset: sources_1
Design is defaulting to constrset: constrs_1
INFO: [Netlist 29-17] Analyzing 3 Unisim elements for replacement
INFO: [Netlist 29-28] Unisim Transformation completed in 0 CPU seconds
INFO: [Project 1-479] Netlist was created with Vivado 2016.3
INFO: [Device 21-403] Loading part xc7a35tcpg236-1
INFO: [Project 1-570] Preparing netlist for logic optimization
Parsing XDC File [C:/Users/94776/assignment_1/assignment_1.srcs/constrs_1/new/basys3_xdc.xdc]
WARNING: [Vivado 12-584] No ports matched 'CLK100MHZ'. [C:/Users/94776/assignment_1/assignment_1.srcs/constrs_1/new/basys3_xdc.xdc:7]
CRITICAL WARNING: [Common 17-55] 'set_property' expects at least one object. [C:/Users/94776/assignment_1/assignment_1.srcs/constrs_1/new/basys3_xdc.xdc:7]
Resolution: If [get_<value>] was used to populate the object, check to make sure this command returns at least one valid object.
WARNING: [Vivado 12-584] No ports matched 'CLK100MHZ'. [C:/Users/94776/assignment_1/assignment_1.srcs/constrs_1/new/basys3_xdc.xdc:8]
CRITICAL WARNING: [Common 17-55] 'set_property' expects at least one object. [C:/Users/94776/assignment_1/assignment_1.srcs/constrs_1/new/basys3_xdc.xdc:8]
Resolution: If [get_<value>] was used to populate the object, check to make sure this command returns at least one valid object.
WARNING: [Vivado 12-584] No ports matched 'CLK100MHZ'. [C:/Users/94776/assignment_1/assignment_1.srcs/constrs_1/new/basys3_xdc.xdc:9]
CRITICAL WARNING: [Vivado 12-4739] create_clock:No valid object(s) found for '-objects [get_ports CLK100MHZ]'. [C:/Users/94776/assignment_1/assignment_1.srcs/constrs_1/new/basys3_xdc.xdc:9]
Resolution: Check if the specified object(s) exists in the current design. If it does, ensure that the correct design hierarchy was specified for the object. If you are working with clocks, make sure create_clock was used to create the clock object before it is referenced.
WARNING: [Vivado 12-584] No ports matched 'sw[0]'. [C:/Users/94776/assignment_1/assignment_1.srcs/constrs_1/new/basys3_xdc.xdc:12]
CRITICAL WARNING: [Common 17-55] 'set_property' expects at least one object. [C:/Users/94776/assignment_1/assignment_1.srcs/constrs_1/new/basys3_xdc.xdc:12]
Resolution: If [get_<value>] was used to populate the object, check to make sure this command returns at least one valid object.
WARNING: [Vivado 12-584] No ports matched 'sw[0]'. [C:/Users/94776/assignment_1/assignment_1.srcs/constrs_1/new/basys3_xdc.xdc:13]
CRITICAL WARNING: [Common 17-55] 'set_property' expects at least one object. [C:/Users/94776/assignment_1/assignment_1.srcs/constrs_1/new/basys3_xdc.xdc:13]
Resolution: If [get_<value>] was used to populate the object, check to make sure this command returns at least one valid object.
WARNING: [Vivado 12-584] No ports matched 'sw[1]'. [C:/Users/94776/assignment_1/assignment_1.srcs/constrs_1/new/basys3_xdc.xdc:14]
CRITICAL WARNING: [Common 17-55] 'set_property' expects at least one object. [C:/Users/94776/assignment_1/assignment_1.srcs/constrs_1/new/basys3_xdc.xdc:14]
Resolution: If [get_<value>] was used to populate the object, check to make sure this command returns at least one valid object.
WARNING: [Vivado 12-584] No ports matched 'sw[1]'. [C:/Users/94776/assignment_1/assignment_1.srcs/constrs_1/new/basys3_xdc.xdc:15]
CRITICAL WARNING: [Common 17-55] 'set_property' expects at least one object. [C:/Users/94776/assignment_1/assignment_1.srcs/constrs_1/new/basys3_xdc.xdc:15]
Resolution: If [get_<value>] was used to populate the object, check to make sure this command returns at least one valid object.
WARNING: [Vivado 12-584] No ports matched 'LED[0]'. [C:/Users/94776/assignment_1/assignment_1.srcs/constrs_1/new/basys3_xdc.xdc:47]
CRITICAL WARNING: [Common 17-55] 'set_property' expects at least one object. [C:/Users/94776/assignment_1/assignment_1.srcs/constrs_1/new/basys3_xdc.xdc:47]
Resolution: If [get_<value>] was used to populate the object, check to make sure this command returns at least one valid object.
WARNING: [Vivado 12-584] No ports matched 'LED[0]'. [C:/Users/94776/assignment_1/assignment_1.srcs/constrs_1/new/basys3_xdc.xdc:48]
CRITICAL WARNING: [Common 17-55] 'set_property' expects at least one object. [C:/Users/94776/assignment_1/assignment_1.srcs/constrs_1/new/basys3_xdc.xdc:48]
Resolution: If [get_<value>] was used to populate the object, check to make sure this command returns at least one valid object.
WARNING: [Vivado 12-584] No ports matched 'LED[1]'. [C:/Users/94776/assignment_1/assignment_1.srcs/constrs_1/new/basys3_xdc.xdc:49]
CRITICAL WARNING: [Common 17-55] 'set_property' expects at least one object. [C:/Users/94776/assignment_1/assignment_1.srcs/constrs_1/new/basys3_xdc.xdc:49]
Resolution: If [get_<value>] was used to populate the object, check to make sure this command returns at least one valid object.
WARNING: [Vivado 12-584] No ports matched 'LED[1]'. [C:/Users/94776/assignment_1/assignment_1.srcs/constrs_1/new/basys3_xdc.xdc:50]
CRITICAL WARNING: [Common 17-55] 'set_property' expects at least one object. [C:/Users/94776/assignment_1/assignment_1.srcs/constrs_1/new/basys3_xdc.xdc:50]
Resolution: If [get_<value>] was used to populate the object, check to make sure this command returns at least one valid object.
WARNING: [Vivado 12-584] No ports matched 'LED[2]'. [C:/Users/94776/assignment_1/assignment_1.srcs/constrs_1/new/basys3_xdc.xdc:51]
CRITICAL WARNING: [Common 17-55] 'set_property' expects at least one object. [C:/Users/94776/assignment_1/assignment_1.srcs/constrs_1/new/basys3_xdc.xdc:51]
Resolution: If [get_<value>] was used to populate the object, check to make sure this command returns at least one valid object.
WARNING: [Vivado 12-584] No ports matched 'LED[2]'. [C:/Users/94776/assignment_1/assignment_1.srcs/constrs_1/new/basys3_xdc.xdc:52]
CRITICAL WARNING: [Common 17-55] 'set_property' expects at least one object. [C:/Users/94776/assignment_1/assignment_1.srcs/constrs_1/new/basys3_xdc.xdc:52]
Resolution: If [get_<value>] was used to populate the object, check to make sure this command returns at least one valid object.
WARNING: [Vivado 12-584] No ports matched 'LED[3]'. [C:/Users/94776/assignment_1/assignment_1.srcs/constrs_1/new/basys3_xdc.xdc:53]
CRITICAL WARNING: [Common 17-55] 'set_property' expects at least one object. [C:/Users/94776/assignment_1/assignment_1.srcs/constrs_1/new/basys3_xdc.xdc:53]
Resolution: If [get_<value>] was used to populate the object, check to make sure this command returns at least one valid object.
WARNING: [Vivado 12-584] No ports matched 'LED[3]'. [C:/Users/94776/assignment_1/assignment_1.srcs/constrs_1/new/basys3_xdc.xdc:54]
CRITICAL WARNING: [Common 17-55] 'set_property' expects at least one object. [C:/Users/94776/assignment_1/assignment_1.srcs/constrs_1/new/basys3_xdc.xdc:54]
Resolution: If [get_<value>] was used to populate the object, check to make sure this command returns at least one valid object.
WARNING: [Vivado 12-584] No ports matched 'LED[4]'. [C:/Users/94776/assignment_1/assignment_1.srcs/constrs_1/new/basys3_xdc.xdc:55]
CRITICAL WARNING: [Common 17-55] 'set_property' expects at least one object. [C:/Users/94776/assignment_1/assignment_1.srcs/constrs_1/new/basys3_xdc.xdc:55]
Resolution: If [get_<value>] was used to populate the object, check to make sure this command returns at least one valid object.
WARNING: [Vivado 12-584] No ports matched 'LED[4]'. [C:/Users/94776/assignment_1/assignment_1.srcs/constrs_1/new/basys3_xdc.xdc:56]
CRITICAL WARNING: [Common 17-55] 'set_property' expects at least one object. [C:/Users/94776/assignment_1/assignment_1.srcs/constrs_1/new/basys3_xdc.xdc:56]
Resolution: If [get_<value>] was used to populate the object, check to make sure this command returns at least one valid object.
WARNING: [Vivado 12-584] No ports matched 'LED[5]'. [C:/Users/94776/assignment_1/assignment_1.srcs/constrs_1/new/basys3_xdc.xdc:57]
CRITICAL WARNING: [Common 17-55] 'set_property' expects at least one object. [C:/Users/94776/assignment_1/assignment_1.srcs/constrs_1/new/basys3_xdc.xdc:57]
Resolution: If [get_<value>] was used to populate the object, check to make sure this command returns at least one valid object.
WARNING: [Vivado 12-584] No ports matched 'LED[5]'. [C:/Users/94776/assignment_1/assignment_1.srcs/constrs_1/new/basys3_xdc.xdc:58]
CRITICAL WARNING: [Common 17-55] 'set_property' expects at least one object. [C:/Users/94776/assignment_1/assignment_1.srcs/constrs_1/new/basys3_xdc.xdc:58]
Resolution: If [get_<value>] was used to populate the object, check to make sure this command returns at least one valid object.
WARNING: [Vivado 12-584] No ports matched 'LED[6]'. [C:/Users/94776/assignment_1/assignment_1.srcs/constrs_1/new/basys3_xdc.xdc:59]
CRITICAL WARNING: [Common 17-55] 'set_property' expects at least one object. [C:/Users/94776/assignment_1/assignment_1.srcs/constrs_1/new/basys3_xdc.xdc:59]
Resolution: If [get_<value>] was used to populate the object, check to make sure this command returns at least one valid object.
WARNING: [Vivado 12-584] No ports matched 'LED[6]'. [C:/Users/94776/assignment_1/assignment_1.srcs/constrs_1/new/basys3_xdc.xdc:60]
CRITICAL WARNING: [Common 17-55] 'set_property' expects at least one object. [C:/Users/94776/assignment_1/assignment_1.srcs/constrs_1/new/basys3_xdc.xdc:60]
Resolution: If [get_<value>] was used to populate the object, check to make sure this command returns at least one valid object.
WARNING: [Vivado 12-584] No ports matched 'LED[7]'. [C:/Users/94776/assignment_1/assignment_1.srcs/constrs_1/new/basys3_xdc.xdc:61]
CRITICAL WARNING: [Common 17-55] 'set_property' expects at least one object. [C:/Users/94776/assignment_1/assignment_1.srcs/constrs_1/new/basys3_xdc.xdc:61]
Resolution: If [get_<value>] was used to populate the object, check to make sure this command returns at least one valid object.
WARNING: [Vivado 12-584] No ports matched 'LED[7]'. [C:/Users/94776/assignment_1/assignment_1.srcs/constrs_1/new/basys3_xdc.xdc:62]
CRITICAL WARNING: [Common 17-55] 'set_property' expects at least one object. [C:/Users/94776/assignment_1/assignment_1.srcs/constrs_1/new/basys3_xdc.xdc:62]
Resolution: If [get_<value>] was used to populate the object, check to make sure this command returns at least one valid object.
WARNING: [Vivado 12-584] No ports matched 'LED[8]'. [C:/Users/94776/assignment_1/assignment_1.srcs/constrs_1/new/basys3_xdc.xdc:63]
CRITICAL WARNING: [Common 17-55] 'set_property' expects at least one object. [C:/Users/94776/assignment_1/assignment_1.srcs/constrs_1/new/basys3_xdc.xdc:63]
Resolution: If [get_<value>] was used to populate the object, check to make sure this command returns at least one valid object.
WARNING: [Vivado 12-584] No ports matched 'LED[8]'. [C:/Users/94776/assignment_1/assignment_1.srcs/constrs_1/new/basys3_xdc.xdc:64]
CRITICAL WARNING: [Common 17-55] 'set_property' expects at least one object. [C:/Users/94776/assignment_1/assignment_1.srcs/constrs_1/new/basys3_xdc.xdc:64]
Resolution: If [get_<value>] was used to populate the object, check to make sure this command returns at least one valid object.
WARNING: [Vivado 12-584] No ports matched 'LED[9]'. [C:/Users/94776/assignment_1/assignment_1.srcs/constrs_1/new/basys3_xdc.xdc:65]
CRITICAL WARNING: [Common 17-55] 'set_property' expects at least one object. [C:/Users/94776/assignment_1/assignment_1.srcs/constrs_1/new/basys3_xdc.xdc:65]
Resolution: If [get_<value>] was used to populate the object, check to make sure this command returns at least one valid object.
WARNING: [Vivado 12-584] No ports matched 'LED[9]'. [C:/Users/94776/assignment_1/assignment_1.srcs/constrs_1/new/basys3_xdc.xdc:66]
CRITICAL WARNING: [Common 17-55] 'set_property' expects at least one object. [C:/Users/94776/assignment_1/assignment_1.srcs/constrs_1/new/basys3_xdc.xdc:66]
Resolution: If [get_<value>] was used to populate the object, check to make sure this command returns at least one valid object.
WARNING: [Vivado 12-584] No ports matched 'LED[10]'. [C:/Users/94776/assignment_1/assignment_1.srcs/constrs_1/new/basys3_xdc.xdc:67]
CRITICAL WARNING: [Common 17-55] 'set_property' expects at least one object. [C:/Users/94776/assignment_1/assignment_1.srcs/constrs_1/new/basys3_xdc.xdc:67]
Resolution: If [get_<value>] was used to populate the object, check to make sure this command returns at least one valid object.
WARNING: [Vivado 12-584] No ports matched 'LED[10]'. [C:/Users/94776/assignment_1/assignment_1.srcs/constrs_1/new/basys3_xdc.xdc:68]
CRITICAL WARNING: [Common 17-55] 'set_property' expects at least one object. [C:/Users/94776/assignment_1/assignment_1.srcs/constrs_1/new/basys3_xdc.xdc:68]
Resolution: If [get_<value>] was used to populate the object, check to make sure this command returns at least one valid object.
WARNING: [Vivado 12-584] No ports matched 'LED[11]'. [C:/Users/94776/assignment_1/assignment_1.srcs/constrs_1/new/basys3_xdc.xdc:69]
CRITICAL WARNING: [Common 17-55] 'set_property' expects at least one object. [C:/Users/94776/assignment_1/assignment_1.srcs/constrs_1/new/basys3_xdc.xdc:69]
Resolution: If [get_<value>] was used to populate the object, check to make sure this command returns at least one valid object.
WARNING: [Vivado 12-584] No ports matched 'LED[11]'. [C:/Users/94776/assignment_1/assignment_1.srcs/constrs_1/new/basys3_xdc.xdc:70]
CRITICAL WARNING: [Common 17-55] 'set_property' expects at least one object. [C:/Users/94776/assignment_1/assignment_1.srcs/constrs_1/new/basys3_xdc.xdc:70]
Resolution: If [get_<value>] was used to populate the object, check to make sure this command returns at least one valid object.
WARNING: [Vivado 12-584] No ports matched 'LED[12]'. [C:/Users/94776/assignment_1/assignment_1.srcs/constrs_1/new/basys3_xdc.xdc:71]
CRITICAL WARNING: [Common 17-55] 'set_property' expects at least one object. [C:/Users/94776/assignment_1/assignment_1.srcs/constrs_1/new/basys3_xdc.xdc:71]
Resolution: If [get_<value>] was used to populate the object, check to make sure this command returns at least one valid object.
WARNING: [Vivado 12-584] No ports matched 'LED[12]'. [C:/Users/94776/assignment_1/assignment_1.srcs/constrs_1/new/basys3_xdc.xdc:72]
CRITICAL WARNING: [Common 17-55] 'set_property' expects at least one object. [C:/Users/94776/assignment_1/assignment_1.srcs/constrs_1/new/basys3_xdc.xdc:72]
Resolution: If [get_<value>] was used to populate the object, check to make sure this command returns at least one valid object.
WARNING: [Vivado 12-584] No ports matched 'LED[13]'. [C:/Users/94776/assignment_1/assignment_1.srcs/constrs_1/new/basys3_xdc.xdc:73]
CRITICAL WARNING: [Common 17-55] 'set_property' expects at least one object. [C:/Users/94776/assignment_1/assignment_1.srcs/constrs_1/new/basys3_xdc.xdc:73]
Resolution: If [get_<value>] was used to populate the object, check to make sure this command returns at least one valid object.
WARNING: [Vivado 12-584] No ports matched 'LED[13]'. [C:/Users/94776/assignment_1/assignment_1.srcs/constrs_1/new/basys3_xdc.xdc:74]
CRITICAL WARNING: [Common 17-55] 'set_property' expects at least one object. [C:/Users/94776/assignment_1/assignment_1.srcs/constrs_1/new/basys3_xdc.xdc:74]
Resolution: If [get_<value>] was used to populate the object, check to make sure this command returns at least one valid object.
WARNING: [Vivado 12-584] No ports matched 'LED[14]'. [C:/Users/94776/assignment_1/assignment_1.srcs/constrs_1/new/basys3_xdc.xdc:75]
CRITICAL WARNING: [Common 17-55] 'set_property' expects at least one object. [C:/Users/94776/assignment_1/assignment_1.srcs/constrs_1/new/basys3_xdc.xdc:75]
Resolution: If [get_<value>] was used to populate the object, check to make sure this command returns at least one valid object.
WARNING: [Vivado 12-584] No ports matched 'LED[14]'. [C:/Users/94776/assignment_1/assignment_1.srcs/constrs_1/new/basys3_xdc.xdc:76]
CRITICAL WARNING: [Common 17-55] 'set_property' expects at least one object. [C:/Users/94776/assignment_1/assignment_1.srcs/constrs_1/new/basys3_xdc.xdc:76]
Resolution: If [get_<value>] was used to populate the object, check to make sure this command returns at least one valid object.
WARNING: [Vivado 12-584] No ports matched 'LED[15]'. [C:/Users/94776/assignment_1/assignment_1.srcs/constrs_1/new/basys3_xdc.xdc:77]
CRITICAL WARNING: [Common 17-55] 'set_property' expects at least one object. [C:/Users/94776/assignment_1/assignment_1.srcs/constrs_1/new/basys3_xdc.xdc:77]
Resolution: If [get_<value>] was used to populate the object, check to make sure this command returns at least one valid object.
WARNING: [Vivado 12-584] No ports matched 'LED[15]'. [C:/Users/94776/assignment_1/assignment_1.srcs/constrs_1/new/basys3_xdc.xdc:78]
CRITICAL WARNING: [Common 17-55] 'set_property' expects at least one object. [C:/Users/94776/assignment_1/assignment_1.srcs/constrs_1/new/basys3_xdc.xdc:78]
Resolution: If [get_<value>] was used to populate the object, check to make sure this command returns at least one valid object.
WARNING: [Vivado 12-584] No ports matched 'seg[0]'. [C:/Users/94776/assignment_1/assignment_1.srcs/constrs_1/new/basys3_xdc.xdc:82]
CRITICAL WARNING: [Common 17-55] 'set_property' expects at least one object. [C:/Users/94776/assignment_1/assignment_1.srcs/constrs_1/new/basys3_xdc.xdc:82]
Resolution: If [get_<value>] was used to populate the object, check to make sure this command returns at least one valid object.
WARNING: [Vivado 12-584] No ports matched 'seg[0]'. [C:/Users/94776/assignment_1/assignment_1.srcs/constrs_1/new/basys3_xdc.xdc:83]
CRITICAL WARNING: [Common 17-55] 'set_property' expects at least one object. [C:/Users/94776/assignment_1/assignment_1.srcs/constrs_1/new/basys3_xdc.xdc:83]
Resolution: If [get_<value>] was used to populate the object, check to make sure this command returns at least one valid object.
WARNING: [Vivado 12-584] No ports matched 'seg[1]'. [C:/Users/94776/assignment_1/assignment_1.srcs/constrs_1/new/basys3_xdc.xdc:84]
CRITICAL WARNING: [Common 17-55] 'set_property' expects at least one object. [C:/Users/94776/assignment_1/assignment_1.srcs/constrs_1/new/basys3_xdc.xdc:84]
Resolution: If [get_<value>] was used to populate the object, check to make sure this command returns at least one valid object.
WARNING: [Vivado 12-584] No ports matched 'seg[1]'. [C:/Users/94776/assignment_1/assignment_1.srcs/constrs_1/new/basys3_xdc.xdc:85]
CRITICAL WARNING: [Common 17-55] 'set_property' expects at least one object. [C:/Users/94776/assignment_1/assignment_1.srcs/constrs_1/new/basys3_xdc.xdc:85]
Resolution: If [get_<value>] was used to populate the object, check to make sure this command returns at least one valid object.
WARNING: [Vivado 12-584] No ports matched 'seg[2]'. [C:/Users/94776/assignment_1/assignment_1.srcs/constrs_1/new/basys3_xdc.xdc:86]
CRITICAL WARNING: [Common 17-55] 'set_property' expects at least one object. [C:/Users/94776/assignment_1/assignment_1.srcs/constrs_1/new/basys3_xdc.xdc:86]
Resolution: If [get_<value>] was used to populate the object, check to make sure this command returns at least one valid object.
WARNING: [Vivado 12-584] No ports matched 'seg[2]'. [C:/Users/94776/assignment_1/assignment_1.srcs/constrs_1/new/basys3_xdc.xdc:87]
CRITICAL WARNING: [Common 17-55] 'set_property' expects at least one object. [C:/Users/94776/assignment_1/assignment_1.srcs/constrs_1/new/basys3_xdc.xdc:87]
Resolution: If [get_<value>] was used to populate the object, check to make sure this command returns at least one valid object.
WARNING: [Vivado 12-584] No ports matched 'seg[3]'. [C:/Users/94776/assignment_1/assignment_1.srcs/constrs_1/new/basys3_xdc.xdc:88]
CRITICAL WARNING: [Common 17-55] 'set_property' expects at least one object. [C:/Users/94776/assignment_1/assignment_1.srcs/constrs_1/new/basys3_xdc.xdc:88]
Resolution: If [get_<value>] was used to populate the object, check to make sure this command returns at least one valid object.
WARNING: [Vivado 12-584] No ports matched 'seg[3]'. [C:/Users/94776/assignment_1/assignment_1.srcs/constrs_1/new/basys3_xdc.xdc:89]
CRITICAL WARNING: [Common 17-55] 'set_property' expects at least one object. [C:/Users/94776/assignment_1/assignment_1.srcs/constrs_1/new/basys3_xdc.xdc:89]
Resolution: If [get_<value>] was used to populate the object, check to make sure this command returns at least one valid object.
WARNING: [Vivado 12-584] No ports matched 'seg[4]'. [C:/Users/94776/assignment_1/assignment_1.srcs/constrs_1/new/basys3_xdc.xdc:90]
CRITICAL WARNING: [Common 17-55] 'set_property' expects at least one object. [C:/Users/94776/assignment_1/assignment_1.srcs/constrs_1/new/basys3_xdc.xdc:90]
Resolution: If [get_<value>] was used to populate the object, check to make sure this command returns at least one valid object.
WARNING: [Vivado 12-584] No ports matched 'seg[4]'. [C:/Users/94776/assignment_1/assignment_1.srcs/constrs_1/new/basys3_xdc.xdc:91]
CRITICAL WARNING: [Common 17-55] 'set_property' expects at least one object. [C:/Users/94776/assignment_1/assignment_1.srcs/constrs_1/new/basys3_xdc.xdc:91]
Resolution: If [get_<value>] was used to populate the object, check to make sure this command returns at least one valid object.
WARNING: [Vivado 12-584] No ports matched 'seg[5]'. [C:/Users/94776/assignment_1/assignment_1.srcs/constrs_1/new/basys3_xdc.xdc:92]
CRITICAL WARNING: [Common 17-55] 'set_property' expects at least one object. [C:/Users/94776/assignment_1/assignment_1.srcs/constrs_1/new/basys3_xdc.xdc:92]
Resolution: If [get_<value>] was used to populate the object, check to make sure this command returns at least one valid object.
WARNING: [Vivado 12-584] No ports matched 'seg[5]'. [C:/Users/94776/assignment_1/assignment_1.srcs/constrs_1/new/basys3_xdc.xdc:93]
CRITICAL WARNING: [Common 17-55] 'set_property' expects at least one object. [C:/Users/94776/assignment_1/assignment_1.srcs/constrs_1/new/basys3_xdc.xdc:93]
Resolution: If [get_<value>] was used to populate the object, check to make sure this command returns at least one valid object.
WARNING: [Vivado 12-584] No ports matched 'seg[6]'. [C:/Users/94776/assignment_1/assignment_1.srcs/constrs_1/new/basys3_xdc.xdc:94]
CRITICAL WARNING: [Common 17-55] 'set_property' expects at least one object. [C:/Users/94776/assignment_1/assignment_1.srcs/constrs_1/new/basys3_xdc.xdc:94]
Resolution: If [get_<value>] was used to populate the object, check to make sure this command returns at least one valid object.
WARNING: [Vivado 12-584] No ports matched 'seg[6]'. [C:/Users/94776/assignment_1/assignment_1.srcs/constrs_1/new/basys3_xdc.xdc:95]
CRITICAL WARNING: [Common 17-55] 'set_property' expects at least one object. [C:/Users/94776/assignment_1/assignment_1.srcs/constrs_1/new/basys3_xdc.xdc:95]
Resolution: If [get_<value>] was used to populate the object, check to make sure this command returns at least one valid object.
WARNING: [Vivado 12-584] No ports matched 'dp'. [C:/Users/94776/assignment_1/assignment_1.srcs/constrs_1/new/basys3_xdc.xdc:97]
CRITICAL WARNING: [Common 17-55] 'set_property' expects at least one object. [C:/Users/94776/assignment_1/assignment_1.srcs/constrs_1/new/basys3_xdc.xdc:97]
Resolution: If [get_<value>] was used to populate the object, check to make sure this command returns at least one valid object.
WARNING: [Vivado 12-584] No ports matched 'dp'. [C:/Users/94776/assignment_1/assignment_1.srcs/constrs_1/new/basys3_xdc.xdc:98]
CRITICAL WARNING: [Common 17-55] 'set_property' expects at least one object. [C:/Users/94776/assignment_1/assignment_1.srcs/constrs_1/new/basys3_xdc.xdc:98]
Resolution: If [get_<value>] was used to populate the object, check to make sure this command returns at least one valid object.
WARNING: [Vivado 12-584] No ports matched 'an[0]'. [C:/Users/94776/assignment_1/assignment_1.srcs/constrs_1/new/basys3_xdc.xdc:100]
CRITICAL WARNING: [Common 17-55] 'set_property' expects at least one object. [C:/Users/94776/assignment_1/assignment_1.srcs/constrs_1/new/basys3_xdc.xdc:100]
Resolution: If [get_<value>] was used to populate the object, check to make sure this command returns at least one valid object.
WARNING: [Vivado 12-584] No ports matched 'an[0]'. [C:/Users/94776/assignment_1/assignment_1.srcs/constrs_1/new/basys3_xdc.xdc:101]
CRITICAL WARNING: [Common 17-55] 'set_property' expects at least one object. [C:/Users/94776/assignment_1/assignment_1.srcs/constrs_1/new/basys3_xdc.xdc:101]
Resolution: If [get_<value>] was used to populate the object, check to make sure this command returns at least one valid object.
WARNING: [Vivado 12-584] No ports matched 'an[1]'. [C:/Users/94776/assignment_1/assignment_1.srcs/constrs_1/new/basys3_xdc.xdc:102]
CRITICAL WARNING: [Common 17-55] 'set_property' expects at least one object. [C:/Users/94776/assignment_1/assignment_1.srcs/constrs_1/new/basys3_xdc.xdc:102]
Resolution: If [get_<value>] was used to populate the object, check to make sure this command returns at least one valid object.
WARNING: [Vivado 12-584] No ports matched 'an[1]'. [C:/Users/94776/assignment_1/assignment_1.srcs/constrs_1/new/basys3_xdc.xdc:103]
CRITICAL WARNING: [Common 17-55] 'set_property' expects at least one object. [C:/Users/94776/assignment_1/assignment_1.srcs/constrs_1/new/basys3_xdc.xdc:103]
Resolution: If [get_<value>] was used to populate the object, check to make sure this command returns at least one valid object.
WARNING: [Vivado 12-584] No ports matched 'an[2]'. [C:/Users/94776/assignment_1/assignment_1.srcs/constrs_1/new/basys3_xdc.xdc:104]
CRITICAL WARNING: [Common 17-55] 'set_property' expects at least one object. [C:/Users/94776/assignment_1/assignment_1.srcs/constrs_1/new/basys3_xdc.xdc:104]
Resolution: If [get_<value>] was used to populate the object, check to make sure this command returns at least one valid object.
WARNING: [Vivado 12-584] No ports matched 'an[2]'. [C:/Users/94776/assignment_1/assignment_1.srcs/constrs_1/new/basys3_xdc.xdc:105]
CRITICAL WARNING: [Common 17-55] 'set_property' expects at least one object. [C:/Users/94776/assignment_1/assignment_1.srcs/constrs_1/new/basys3_xdc.xdc:105]
Resolution: If [get_<value>] was used to populate the object, check to make sure this command returns at least one valid object.
WARNING: [Vivado 12-584] No ports matched 'an[3]'. [C:/Users/94776/assignment_1/assignment_1.srcs/constrs_1/new/basys3_xdc.xdc:106]
CRITICAL WARNING: [Common 17-55] 'set_property' expects at least one object. [C:/Users/94776/assignment_1/assignment_1.srcs/constrs_1/new/basys3_xdc.xdc:106]
Resolution: If [get_<value>] was used to populate the object, check to make sure this command returns at least one valid object.
WARNING: [Vivado 12-584] No ports matched 'an[3]'. [C:/Users/94776/assignment_1/assignment_1.srcs/constrs_1/new/basys3_xdc.xdc:107]
CRITICAL WARNING: [Common 17-55] 'set_property' expects at least one object. [C:/Users/94776/assignment_1/assignment_1.srcs/constrs_1/new/basys3_xdc.xdc:107]
Resolution: If [get_<value>] was used to populate the object, check to make sure this command returns at least one valid object.
WARNING: [Vivado 12-584] No ports matched 'vauxp6'. [C:/Users/94776/assignment_1/assignment_1.srcs/constrs_1/new/basys3_xdc.xdc:209]
CRITICAL WARNING: [Common 17-55] 'set_property' expects at least one object. [C:/Users/94776/assignment_1/assignment_1.srcs/constrs_1/new/basys3_xdc.xdc:209]
Resolution: If [get_<value>] was used to populate the object, check to make sure this command returns at least one valid object.
WARNING: [Vivado 12-584] No ports matched 'vauxp6'. [C:/Users/94776/assignment_1/assignment_1.srcs/constrs_1/new/basys3_xdc.xdc:210]
CRITICAL WARNING: [Common 17-55] 'set_property' expects at least one object. [C:/Users/94776/assignment_1/assignment_1.srcs/constrs_1/new/basys3_xdc.xdc:210]
Resolution: If [get_<value>] was used to populate the object, check to make sure this command returns at least one valid object.
WARNING: [Vivado 12-584] No ports matched 'vauxp14'. [C:/Users/94776/assignment_1/assignment_1.srcs/constrs_1/new/basys3_xdc.xdc:212]
CRITICAL WARNING: [Common 17-55] 'set_property' expects at least one object. [C:/Users/94776/assignment_1/assignment_1.srcs/constrs_1/new/basys3_xdc.xdc:212]
Resolution: If [get_<value>] was used to populate the object, check to make sure this command returns at least one valid object.
WARNING: [Vivado 12-584] No ports matched 'vauxp14'. [C:/Users/94776/assignment_1/assignment_1.srcs/constrs_1/new/basys3_xdc.xdc:213]
CRITICAL WARNING: [Common 17-55] 'set_property' expects at least one object. [C:/Users/94776/assignment_1/assignment_1.srcs/constrs_1/new/basys3_xdc.xdc:213]
Resolution: If [get_<value>] was used to populate the object, check to make sure this command returns at least one valid object.
WARNING: [Vivado 12-584] No ports matched 'vauxp7'. [C:/Users/94776/assignment_1/assignment_1.srcs/constrs_1/new/basys3_xdc.xdc:215]
CRITICAL WARNING: [Common 17-55] 'set_property' expects at least one object. [C:/Users/94776/assignment_1/assignment_1.srcs/constrs_1/new/basys3_xdc.xdc:215]
Resolution: If [get_<value>] was used to populate the object, check to make sure this command returns at least one valid object.
WARNING: [Vivado 12-584] No ports matched 'vauxp7'. [C:/Users/94776/assignment_1/assignment_1.srcs/constrs_1/new/basys3_xdc.xdc:216]
CRITICAL WARNING: [Common 17-55] 'set_property' expects at least one object. [C:/Users/94776/assignment_1/assignment_1.srcs/constrs_1/new/basys3_xdc.xdc:216]
Resolution: If [get_<value>] was used to populate the object, check to make sure this command returns at least one valid object.
WARNING: [Vivado 12-584] No ports matched 'vauxp15'. [C:/Users/94776/assignment_1/assignment_1.srcs/constrs_1/new/basys3_xdc.xdc:218]
CRITICAL WARNING: [Common 17-55] 'set_property' expects at least one object. [C:/Users/94776/assignment_1/assignment_1.srcs/constrs_1/new/basys3_xdc.xdc:218]
Resolution: If [get_<value>] was used to populate the object, check to make sure this command returns at least one valid object.
WARNING: [Vivado 12-584] No ports matched 'vauxp15'. [C:/Users/94776/assignment_1/assignment_1.srcs/constrs_1/new/basys3_xdc.xdc:219]
CRITICAL WARNING: [Common 17-55] 'set_property' expects at least one object. [C:/Users/94776/assignment_1/assignment_1.srcs/constrs_1/new/basys3_xdc.xdc:219]
Resolution: If [get_<value>] was used to populate the object, check to make sure this command returns at least one valid object.
WARNING: [Vivado 12-584] No ports matched 'vauxn6'. [C:/Users/94776/assignment_1/assignment_1.srcs/constrs_1/new/basys3_xdc.xdc:221]
CRITICAL WARNING: [Common 17-55] 'set_property' expects at least one object. [C:/Users/94776/assignment_1/assignment_1.srcs/constrs_1/new/basys3_xdc.xdc:221]
Resolution: If [get_<value>] was used to populate the object, check to make sure this command returns at least one valid object.
WARNING: [Vivado 12-584] No ports matched 'vauxn6'. [C:/Users/94776/assignment_1/assignment_1.srcs/constrs_1/new/basys3_xdc.xdc:222]
CRITICAL WARNING: [Common 17-55] 'set_property' expects at least one object. [C:/Users/94776/assignment_1/assignment_1.srcs/constrs_1/new/basys3_xdc.xdc:222]
Resolution: If [get_<value>] was used to populate the object, check to make sure this command returns at least one valid object.
WARNING: [Vivado 12-584] No ports matched 'vauxn14'. [C:/Users/94776/assignment_1/assignment_1.srcs/constrs_1/new/basys3_xdc.xdc:224]
CRITICAL WARNING: [Common 17-55] 'set_property' expects at least one object. [C:/Users/94776/assignment_1/assignment_1.srcs/constrs_1/new/basys3_xdc.xdc:224]
Resolution: If [get_<value>] was used to populate the object, check to make sure this command returns at least one valid object.
WARNING: [Vivado 12-584] No ports matched 'vauxn14'. [C:/Users/94776/assignment_1/assignment_1.srcs/constrs_1/new/basys3_xdc.xdc:225]
CRITICAL WARNING: [Common 17-55] 'set_property' expects at least one object. [C:/Users/94776/assignment_1/assignment_1.srcs/constrs_1/new/basys3_xdc.xdc:225]
Resolution: If [get_<value>] was used to populate the object, check to make sure this command returns at least one valid object.
WARNING: [Vivado 12-584] No ports matched 'vauxn7'. [C:/Users/94776/assignment_1/assignment_1.srcs/constrs_1/new/basys3_xdc.xdc:227]
CRITICAL WARNING: [Common 17-55] 'set_property' expects at least one object. [C:/Users/94776/assignment_1/assignment_1.srcs/constrs_1/new/basys3_xdc.xdc:227]
Resolution: If [get_<value>] was used to populate the object, check to make sure this command returns at least one valid object.
WARNING: [Vivado 12-584] No ports matched 'vauxn7'. [C:/Users/94776/assignment_1/assignment_1.srcs/constrs_1/new/basys3_xdc.xdc:228]
CRITICAL WARNING: [Common 17-55] 'set_property' expects at least one object. [C:/Users/94776/assignment_1/assignment_1.srcs/constrs_1/new/basys3_xdc.xdc:228]
Resolution: If [get_<value>] was used to populate the object, check to make sure this command returns at least one valid object.
WARNING: [Vivado 12-584] No ports matched 'vauxn15'. [C:/Users/94776/assignment_1/assignment_1.srcs/constrs_1/new/basys3_xdc.xdc:230]
CRITICAL WARNING: [Common 17-55] 'set_property' expects at least one object. [C:/Users/94776/assignment_1/assignment_1.srcs/constrs_1/new/basys3_xdc.xdc:230]
Resolution: If [get_<value>] was used to populate the object, check to make sure this command returns at least one valid object.
WARNING: [Vivado 12-584] No ports matched 'vauxn15'. [C:/Users/94776/assignment_1/assignment_1.srcs/constrs_1/new/basys3_xdc.xdc:231]
CRITICAL WARNING: [Common 17-55] 'set_property' expects at least one object. [C:/Users/94776/assignment_1/assignment_1.srcs/constrs_1/new/basys3_xdc.xdc:231]
Resolution: If [get_<value>] was used to populate the object, check to make sure this command returns at least one valid object.
Finished Parsing XDC File [C:/Users/94776/assignment_1/assignment_1.srcs/constrs_1/new/basys3_xdc.xdc]
INFO: [Opt 31-138] Pushed 0 inverter(s) to 0 load pin(s).
INFO: [Project 1-111] Unisim Transformation Summary:
No Unisim elements were transformed.

INFO: [Vivado_Tcl 4-424] Cannot write hardware definition file as there are no IPI block design hardware handoff files present
Command: opt_design
Attempting to get a license for feature 'Implementation' and/or device 'xc7a35t'
INFO: [Common 17-349] Got license for feature 'Implementation' and/or device 'xc7a35t'
Running DRC as a precondition to command opt_design

Starting DRC Task
INFO: [DRC 23-27] Running DRC with 2 threads
INFO: [Project 1-461] DRC finished with 0 Errors
INFO: [Project 1-462] Please refer to the DRC report (report_drc) for more information.

Time (s): cpu = 00:00:00 ; elapsed = 00:00:00.340 . Memory (MB): peak = 493.738 ; gain = 3.914
INFO: [Timing 38-35] Done setting XDC timing constraints.

Starting Logic Optimization Task
Implement Debug Cores | Checksum: e8f65a39

Phase 1 Retarget
INFO: [Opt 31-138] Pushed 0 inverter(s) to 0 load pin(s).
INFO: [Opt 31-49] Retargeted 0 cell(s).
Phase 1 Retarget | Checksum: e8f65a39

Time (s): cpu = 00:00:00 ; elapsed = 00:00:03 . Memory (MB): peak = 936.434 ; gain = 0.000

Phase 2 Constant propagation
INFO: [Opt 31-138] Pushed 0 inverter(s) to 0 load pin(s).
INFO: [Opt 31-10] Eliminated 0 cells.
Phase 2 Constant propagation | Checksum: e8f65a39

Time (s): cpu = 00:00:00 ; elapsed = 00:00:05 . Memory (MB): peak = 936.434 ; gain = 0.000

Phase 3 Sweep
INFO: [Opt 31-12] Eliminated 0 unconnected nets.
INFO: [Opt 31-11] Eliminated 0 unconnected cells.
Phase 3 Sweep | Checksum: e8f65a39

Time (s): cpu = 00:00:00 ; elapsed = 00:00:05 . Memory (MB): peak = 936.434 ; gain = 0.000

Phase 4 BUFG optimization
INFO: [Opt 31-12] Eliminated 0 unconnected nets.
INFO: [Opt 31-11] Eliminated 0 unconnected cells.
Phase 4 BUFG optimization | Checksum: e8f65a39

Time (s): cpu = 00:00:00 ; elapsed = 00:00:05 . Memory (MB): peak = 936.434 ; gain = 0.000

Starting Connectivity Check Task

Time (s): cpu = 00:00:00 ; elapsed = 00:00:00.013 . Memory (MB): peak = 936.434 ; gain = 0.000
Ending Logic Optimization Task | Checksum: e8f65a39

Time (s): cpu = 00:00:00 ; elapsed = 00:00:05 . Memory (MB): peak = 936.434 ; gain = 0.000

Starting Power Optimization Task
INFO: [Pwropt 34-132] Skipping clock gating for clocks with a period < 2.00 ns.
Ending Power Optimization Task | Checksum: e8f65a39

Time (s): cpu = 00:00:00 ; elapsed = 00:00:00.111 . Memory (MB): peak = 936.434 ; gain = 0.000
INFO: [Common 17-83] Releasing license: Implementation
23 Infos, 79 Warnings, 79 Critical Warnings and 0 Errors encountered.
opt_design completed successfully
opt_design: Time (s): cpu = 00:00:11 ; elapsed = 00:00:20 . Memory (MB): peak = 936.434 ; gain = 446.609
INFO: [Common 17-1381] The checkpoint 'C:/Users/94776/assignment_1/assignment_1.runs/impl_1/schematicFile_opt.dcp' has been generated.
INFO: [DRC 23-27] Running DRC with 2 threads
INFO: [Coretcl 2-168] The results of DRC are in file C:/Users/94776/assignment_1/assignment_1.runs/impl_1/schematicFile_drc_opted.rpt.
INFO: [Chipscope 16-241] No debug cores found in the current design.
Before running the implement_debug_core command, either use the Set Up Debug wizard (GUI mode)
or use the create_debug_core and connect_debug_core Tcl commands to insert debug cores into the design.
Command: place_design
Attempting to get a license for feature 'Implementation' and/or device 'xc7a35t'
INFO: [Common 17-349] Got license for feature 'Implementation' and/or device 'xc7a35t'
INFO: [DRC 23-27] Running DRC with 2 threads
INFO: [Vivado_Tcl 4-198] DRC finished with 0 Errors
INFO: [Vivado_Tcl 4-199] Please refer to the DRC report (report_drc) for more information.
Running DRC as a precondition to command place_design
INFO: [DRC 23-27] Running DRC with 2 threads
INFO: [Vivado_Tcl 4-198] DRC finished with 0 Errors
INFO: [Vivado_Tcl 4-199] Please refer to the DRC report (report_drc) for more information.

Starting Placer Task
INFO: [Place 30-611] Multithreading enabled for place_design using a maximum of 2 CPUs

Phase 1 Placer Initialization
Netlist sorting complete. Time (s): cpu = 00:00:00 ; elapsed = 00:00:00 . Memory (MB): peak = 936.434 ; gain = 0.000
Netlist sorting complete. Time (s): cpu = 00:00:00 ; elapsed = 00:00:00 . Memory (MB): peak = 936.434 ; gain = 0.000

Phase 1.1 IO Placement/ Clock Placement/ Build Placer Device
INFO: [Timing 38-35] Done setting XDC timing constraints.
Phase 1.1 IO Placement/ Clock Placement/ Build Placer Device | Checksum: 1513d2c8a

Time (s): cpu = 00:00:00 ; elapsed = 00:00:00.996 . Memory (MB): peak = 951.391 ; gain = 14.957

Phase 1.2 Build Placer Netlist Model
Phase 1.2 Build Placer Netlist Model | Checksum: 19d6d5e57

Time (s): cpu = 00:00:00 ; elapsed = 00:00:01 . Memory (MB): peak = 951.391 ; gain = 14.957

Phase 1.3 Constrain Clocks/Macros
Phase 1.3 Constrain Clocks/Macros | Checksum: 19d6d5e57

Time (s): cpu = 00:00:00 ; elapsed = 00:00:01 . Memory (MB): peak = 951.391 ; gain = 14.957
Phase 1 Placer Initialization | Checksum: 19d6d5e57

Time (s): cpu = 00:00:00 ; elapsed = 00:00:01 . Memory (MB): peak = 951.391 ; gain = 14.957

Phase 2 Global Placement
Phase 2 Global Placement | Checksum: 1ae121a80

Time (s): cpu = 00:00:00 ; elapsed = 00:00:01 . Memory (MB): peak = 951.391 ; gain = 14.957

Phase 3 Detail Placement

Phase 3.1 Commit Multi Column Macros
Phase 3.1 Commit Multi Column Macros | Checksum: 1ae121a80

Time (s): cpu = 00:00:00 ; elapsed = 00:00:01 . Memory (MB): peak = 951.391 ; gain = 14.957

Phase 3.2 Commit Most Macros & LUTRAMs
Phase 3.2 Commit Most Macros & LUTRAMs | Checksum: 1c79b1b3e

Time (s): cpu = 00:00:00 ; elapsed = 00:00:01 . Memory (MB): peak = 951.391 ; gain = 14.957

Phase 3.3 Area Swap Optimization
Phase 3.3 Area Swap Optimization | Checksum: 1edafb77b

Time (s): cpu = 00:00:00 ; elapsed = 00:00:01 . Memory (MB): peak = 951.391 ; gain = 14.957

Phase 3.4 Pipeline Register Optimization
Phase 3.4 Pipeline Register Optimization | Checksum: 1edafb77b

Time (s): cpu = 00:00:00 ; elapsed = 00:00:01 . Memory (MB): peak = 951.391 ; gain = 14.957

Phase 3.5 Small Shape Detail Placement
Phase 3.5 Small Shape Detail Placement | Checksum: 1d34781a6

Time (s): cpu = 00:00:01 ; elapsed = 00:00:02 . Memory (MB): peak = 951.391 ; gain = 14.957

Phase 3.6 Re-assign LUT pins
Phase 3.6 Re-assign LUT pins | Checksum: 1d34781a6

Time (s): cpu = 00:00:01 ; elapsed = 00:00:02 . Memory (MB): peak = 951.391 ; gain = 14.957

Phase 3.7 Pipeline Register Optimization
Phase 3.7 Pipeline Register Optimization | Checksum: 1d34781a6

Time (s): cpu = 00:00:01 ; elapsed = 00:00:02 . Memory (MB): peak = 951.391 ; gain = 14.957
Phase 3 Detail Placement | Checksum: 1d34781a6

Time (s): cpu = 00:00:01 ; elapsed = 00:00:02 . Memory (MB): peak = 951.391 ; gain = 14.957

Phase 4 Post Placement Optimization and Clean-Up

Phase 4.1 Post Commit Optimization
Phase 4.1 Post Commit Optimization | Checksum: 1d34781a6

Time (s): cpu = 00:00:01 ; elapsed = 00:00:02 . Memory (MB): peak = 951.391 ; gain = 14.957

Phase 4.2 Post Placement Cleanup
Phase 4.2 Post Placement Cleanup | Checksum: 1d34781a6

Time (s): cpu = 00:00:01 ; elapsed = 00:00:02 . Memory (MB): peak = 951.391 ; gain = 14.957

Phase 4.3 Placer Reporting
Phase 4.3 Placer Reporting | Checksum: 1d34781a6

Time (s): cpu = 00:00:01 ; elapsed = 00:00:02 . Memory (MB): peak = 951.391 ; gain = 14.957

Phase 4.4 Final Placement Cleanup
Phase 4.4 Final Placement Cleanup | Checksum: 1d34781a6

Time (s): cpu = 00:00:01 ; elapsed = 00:00:02 . Memory (MB): peak = 951.391 ; gain = 14.957
Phase 4 Post Placement Optimization and Clean-Up | Checksum: 1d34781a6

Time (s): cpu = 00:00:01 ; elapsed = 00:00:02 . Memory (MB): peak = 951.391 ; gain = 14.957
Ending Placer Task | Checksum: 12b18ba85

Time (s): cpu = 00:00:01 ; elapsed = 00:00:02 . Memory (MB): peak = 951.391 ; gain = 14.957
INFO: [Common 17-83] Releasing license: Implementation
37 Infos, 79 Warnings, 79 Critical Warnings and 0 Errors encountered.
place_design completed successfully
Writing placer database...
Writing XDEF routing.
Writing XDEF routing logical nets.
Writing XDEF routing special nets.
Write XDEF Complete: Time (s): cpu = 00:00:00 ; elapsed = 00:00:00.205 . Memory (MB): peak = 951.391 ; gain = 0.000
INFO: [Common 17-1381] The checkpoint 'C:/Users/94776/assignment_1/assignment_1.runs/impl_1/schematicFile_placed.dcp' has been generated.
report_io: Time (s): cpu = 00:00:00 ; elapsed = 00:00:00.115 . Memory (MB): peak = 951.391 ; gain = 0.000
report_utilization: Time (s): cpu = 00:00:00 ; elapsed = 00:00:00.018 . Memory (MB): peak = 951.391 ; gain = 0.000
report_control_sets: Time (s): cpu = 00:00:00 ; elapsed = 00:00:00.023 . Memory (MB): peak = 951.391 ; gain = 0.000
Command: route_design
Attempting to get a license for feature 'Implementation' and/or device 'xc7a35t'
INFO: [Common 17-349] Got license for feature 'Implementation' and/or device 'xc7a35t'
Running DRC as a precondition to command route_design
INFO: [DRC 23-27] Running DRC with 2 threads
INFO: [Vivado_Tcl 4-198] DRC finished with 0 Errors
INFO: [Vivado_Tcl 4-199] Please refer to the DRC report (report_drc) for more information.


Starting Routing Task
INFO: [Route 35-254] Multithreading enabled for route_design using a maximum of 2 CPUs
Checksum: PlaceDB: b976a72b ConstDB: 0 ShapeSum: 71a2135a RouteDB: 0

Phase 1 Build RT Design
Phase 1 Build RT Design | Checksum: 7160068c

Time (s): cpu = 00:00:23 ; elapsed = 00:00:21 . Memory (MB): peak = 1071.973 ; gain = 120.582

Phase 2 Router Initialization
INFO: [Route 35-64] No timing constraints were detected. The router will operate in resource-optimization mode.

Phase 2.1 Fix Topology Constraints
Phase 2.1 Fix Topology Constraints | Checksum: 7160068c

Time (s): cpu = 00:00:23 ; elapsed = 00:00:22 . Memory (MB): peak = 1077.348 ; gain = 125.957

Phase 2.2 Pre Route Cleanup
Phase 2.2 Pre Route Cleanup | Checksum: 7160068c

Time (s): cpu = 00:00:23 ; elapsed = 00:00:22 . Memory (MB): peak = 1077.348 ; gain = 125.957
Phase 2 Router Initialization | Checksum: 7160068c

Time (s): cpu = 00:00:23 ; elapsed = 00:00:22 . Memory (MB): peak = 1078.707 ; gain = 127.316

Phase 3 Initial Routing
Phase 3 Initial Routing | Checksum: d2c13dd6

Time (s): cpu = 00:00:23 ; elapsed = 00:00:22 . Memory (MB): peak = 1078.707 ; gain = 127.316

Phase 4 Rip-up And Reroute

Phase 4.1 Global Iteration 0
 Number of Nodes with overlaps = 0
Phase 4.1 Global Iteration 0 | Checksum: 1b5a32bec

Time (s): cpu = 00:00:23 ; elapsed = 00:00:22 . Memory (MB): peak = 1078.707 ; gain = 127.316
Phase 4 Rip-up And Reroute | Checksum: 1b5a32bec

Time (s): cpu = 00:00:23 ; elapsed = 00:00:22 . Memory (MB): peak = 1078.707 ; gain = 127.316

Phase 5 Delay and Skew Optimization
Phase 5 Delay and Skew Optimization | Checksum: 1b5a32bec

Time (s): cpu = 00:00:23 ; elapsed = 00:00:22 . Memory (MB): peak = 1078.707 ; gain = 127.316

Phase 6 Post Hold Fix

Phase 6.1 Hold Fix Iter
Phase 6.1 Hold Fix Iter | Checksum: 1b5a32bec

Time (s): cpu = 00:00:23 ; elapsed = 00:00:22 . Memory (MB): peak = 1078.707 ; gain = 127.316
Phase 6 Post Hold Fix | Checksum: 1b5a32bec

Time (s): cpu = 00:00:23 ; elapsed = 00:00:22 . Memory (MB): peak = 1078.707 ; gain = 127.316

Phase 7 Route finalize

Router Utilization Summary
  Global Vertical Routing Utilization    = 0.000318903 %
  Global Horizontal Routing Utilization  = 0.00104112 %
  Routable Net Status*
  *Does not include unroutable nets such as driverless and loadless.
  Run report_route_status for detailed report.
  Number of Failed Nets               = 0
  Number of Unrouted Nets             = 0
  Number of Partially Routed Nets     = 0
  Number of Node Overlaps             = 0

Congestion Report
North Dir 1x1 Area, Max Cong = 0.900901%, No Congested Regions.
South Dir 1x1 Area, Max Cong = 1.8018%, No Congested Regions.
East Dir 1x1 Area, Max Cong = 2.94118%, No Congested Regions.
West Dir 1x1 Area, Max Cong = 2.94118%, No Congested Regions.
Phase 7 Route finalize | Checksum: 1b5a32bec

Time (s): cpu = 00:00:23 ; elapsed = 00:00:22 . Memory (MB): peak = 1078.707 ; gain = 127.316

Phase 8 Verifying routed nets

 Verification completed successfully
Phase 8 Verifying routed nets | Checksum: 1b5a32bec

Time (s): cpu = 00:00:23 ; elapsed = 00:00:22 . Memory (MB): peak = 1080.004 ; gain = 128.613

Phase 9 Depositing Routes
Phase 9 Depositing Routes | Checksum: 1d488fcac

Time (s): cpu = 00:00:23 ; elapsed = 00:00:22 . Memory (MB): peak = 1080.004 ; gain = 128.613
INFO: [Route 35-16] Router Completed Successfully

Time (s): cpu = 00:00:23 ; elapsed = 00:00:22 . Memory (MB): peak = 1080.004 ; gain = 128.613

Routing Is Done.
INFO: [Common 17-83] Releasing license: Implementation
46 Infos, 79 Warnings, 79 Critical Warnings and 0 Errors encountered.
route_design completed successfully
route_design: Time (s): cpu = 00:00:24 ; elapsed = 00:00:23 . Memory (MB): peak = 1080.004 ; gain = 128.613
Writing placer database...
Writing XDEF routing.
Writing XDEF routing logical nets.
Writing XDEF routing special nets.
Write XDEF Complete: Time (s): cpu = 00:00:00 ; elapsed = 00:00:00.050 . Memory (MB): peak = 1080.004 ; gain = 0.000
INFO: [Common 17-1381] The checkpoint 'C:/Users/94776/assignment_1/assignment_1.runs/impl_1/schematicFile_routed.dcp' has been generated.
INFO: [DRC 23-27] Running DRC with 2 threads
INFO: [Coretcl 2-168] The results of DRC are in file C:/Users/94776/assignment_1/assignment_1.runs/impl_1/schematicFile_drc_routed.rpt.
INFO: [Timing 38-35] Done setting XDC timing constraints.
INFO: [DRC 23-133] Running Methodology with 2 threads
INFO: [Coretcl 2-1520] The results of Report Methodology are in file C:/Users/94776/assignment_1/assignment_1.runs/impl_1/schematicFile_methodology_drc_routed.rpt.
INFO: [Timing 38-35] Done setting XDC timing constraints.
INFO: [Timing 38-91] UpdateTimingParams: Speed grade: -1, Delay Type: min_max.
INFO: [Timing 38-191] Multithreading enabled for timing update using a maximum of 2 CPUs
INFO: [Timing 38-35] Done setting XDC timing constraints.
WARNING: [Timing 38-313] There are no user specified timing constraints. Timing constraints are needed for proper timing analysis.
Command: report_power -file schematicFile_power_routed.rpt -pb schematicFile_power_summary_routed.pb -rpx schematicFile_power_routed.rpx
WARNING: [Power 33-232] No user defined clocks were found in the design!
Resolution: Please specify clocks using create_clock/create_generated_clock for sequential elements. For pure combinatorial circuits, please specify a virtual clock, otherwise the vectorless estimation might be inaccurate
Running Vector-less Activity Propagation...

Finished Running Vector-less Activity Propagation
56 Infos, 81 Warnings, 79 Critical Warnings and 0 Errors encountered.
report_power completed successfully
INFO: [Common 17-206] Exiting Vivado at Sun Aug 15 10:55:27 2021...
